Using pre-set license
Built from '2020.3/staging' branch; Version is '2020.3.11f1 (99c7afb366b3) revision 10078127'; Using compiler version '192528614'; Build Type 'Release'
OS: 'Windows 10 Home Single Language; OS build 19043.1110; Version 2009; 64bit' Language: 'en' Physical Memory: 16226 MB
BatchMode: 1, IsHumanControllingUs: 0, StartBugReporterOnCrash: 0, Is64bit: 1, IsPro: 0

 COMMAND LINE ARGUMENTS:
C:\Program Files\Unity\Hub\Editor\2020.3.13f1\Editor\Unity.exe
-adb2
-batchMode
-noUpm
-name
AssetImportWorker0
-projectPath
D:/Game Jam Files/GitHub/July_Jam_2021/GameJam_2021_UnityProject
-logFile
Logs/AssetImportWorker0.log
-srvPort
50125
Successfully changed project path to: D:/Game Jam Files/GitHub/July_Jam_2021/GameJam_2021_UnityProject
D:/Game Jam Files/GitHub/July_Jam_2021/GameJam_2021_UnityProject
Using Asset Import Pipeline V2.
Refreshing native plugins compatible for Editor in 84.64 ms, found 2 plugins.
Preloading 0 native plugins for Editor in 0.00 ms.
Initialize engine version: 2020.3.11f1 (99c7afb366b3)
[Subsystems] Discovering subsystems at path C:/Program Files/Unity/Hub/Editor/2020.3.13f1/Editor/Data/Resources/UnitySubsystems
[Subsystems] Discovering subsystems at path D:/Game Jam Files/GitHub/July_Jam_2021/GameJam_2021_UnityProject/Assets
GfxDevice: creating device client; threaded=0
Direct3D:
    Version:  Direct3D 11.0 [level 11.1]
    Renderer: NVIDIA GeForce GTX 1060 (ID=0x1c20)
    Vendor:   
    VRAM:     6052 MB
    Driver:   30.0.14.7111
Initialize mono
Mono path[0] = 'C:/Program Files/Unity/Hub/Editor/2020.3.13f1/Editor/Data/Managed'
Mono path[1] = 'C:/Program Files/Unity/Hub/Editor/2020.3.13f1/Editor/Data/MonoBleedingEdge/lib/mono/unityjit'
Mono config path = 'C:/Program Files/Unity/Hub/Editor/2020.3.13f1/Editor/Data/MonoBleedingEdge/etc'
Using monoOptions --debugger-agent=transport=dt_socket,embedding=1,server=y,suspend=n,address=127.0.0.1:56552
Begin MonoManager ReloadAssembly
Registering precompiled unity dll's ...
Register platform support module: C:/Program Files/Unity/Hub/Editor/2020.3.13f1/Editor/Data/PlaybackEngines/WindowsStandaloneSupport/UnityEditor.WindowsStandalone.Extensions.dll
Registered in 0.002729 seconds.
Native extension for WindowsStandalone target not found
Refreshing native plugins compatible for Editor in 84.44 ms, found 2 plugins.
Preloading 0 native plugins for Editor in 0.00 ms.
Mono: successfully reloaded assembly
- Completed reload, in  1.138 seconds
Platform modules already initialized, skipping
Registering precompiled user dll's ...
Registered in 0.003266 seconds.
Begin MonoManager ReloadAssembly
Native extension for WindowsStandalone target not found
Refreshing native plugins compatible for Editor in 87.67 ms, found 2 plugins.
Preloading 0 native plugins for Editor in 0.00 ms.
Mono: successfully reloaded assembly
- Completed reload, in  1.656 seconds
Platform modules already initialized, skipping
========================================================================
Worker process is ready to serve import requests
Launched and connected shader compiler UnityShaderCompiler.exe after 0.05 seconds
Refreshing native plugins compatible for Editor in 0.93 ms, found 2 plugins.
Preloading 0 native plugins for Editor in 0.00 ms.
Unloading 3773 Unused Serialized files (Serialized files now loaded: 0)
System memory in use before: 179.1 MB.
System memory in use after: 179.2 MB.

Unloading 21 unused Assets to reduce memory usage. Loaded Objects now: 4220.
Total: 3.755800 ms (FindLiveObjects: 0.546700 ms CreateObjectMapping: 0.178000 ms MarkObjects: 2.953300 ms  DeleteObjects: 0.076600 ms)

========================================================================
Received Import Request.
  path: Assets/Scenes/Level_1.unity
  artifactKey: Guid(e67f8eb04534a5c48b3e7158064368b1) Importer(815301076,1909f56bfc062723c751e8b465ee728b)
Start importing Assets/Scenes/Level_1.unity using Guid(e67f8eb04534a5c48b3e7158064368b1) Importer(815301076,1909f56bfc062723c751e8b465ee728b)  -> (artifact id: '3607bd5c4445906043e6fc735e084ea0') in 0.017798 seconds
  Import took 0.024703 seconds .

========================================================================
Received Import Request.
  Time since last request: 0.000285 seconds.
  path: Assets/Scenes
  artifactKey: Guid(54f2575ad3a6e8d4998f9af26a118dd6) Importer(815301076,1909f56bfc062723c751e8b465ee728b)
Start importing Assets/Scenes using Guid(54f2575ad3a6e8d4998f9af26a118dd6) Importer(815301076,1909f56bfc062723c751e8b465ee728b)  -> (artifact id: '218642e39fb42f3cbba0ba005d64ef5b') in 0.002618 seconds
  Import took 0.012372 seconds .

========================================================================
Received Import Request.
  Time since last request: 52.121720 seconds.
  path: Assets/Scenes/Level_2.unity
  artifactKey: Guid(726695b76bfcbe447b542188c7253d9f) Importer(815301076,1909f56bfc062723c751e8b465ee728b)
Start importing Assets/Scenes/Level_2.unity using Guid(726695b76bfcbe447b542188c7253d9f) Importer(815301076,1909f56bfc062723c751e8b465ee728b)  -> (artifact id: 'bccb855c0aa379ea62bbc7af00ec18e0') in 0.004358 seconds
  Import took 0.013678 seconds .

========================================================================
Received Import Request.
  Time since last request: 83.190347 seconds.
  path: Assets/Models
  artifactKey: Guid(b81b92edb231402489651b1293e9aecd) Importer(815301076,1909f56bfc062723c751e8b465ee728b)
Start importing Assets/Models using Guid(b81b92edb231402489651b1293e9aecd) Importer(815301076,1909f56bfc062723c751e8b465ee728b)  -> (artifact id: '576d08cd9ccb182a6171bf5decaebee5') in 0.007384 seconds
  Import took 0.015265 seconds .

========================================================================
Received Import Request.
  Time since last request: 0.687288 seconds.
  path: Assets/Models/Prefabs
  artifactKey: Guid(a354a7a7c4436654aabb3680e98fbb6c) Importer(815301076,1909f56bfc062723c751e8b465ee728b)
Start importing Assets/Models/Prefabs using Guid(a354a7a7c4436654aabb3680e98fbb6c) Importer(815301076,1909f56bfc062723c751e8b465ee728b)  -> (artifact id: 'ff6854cdd6d6a34400897646a872ecfd') in 0.007491 seconds
  Import took 0.014359 seconds .

========================================================================
Received Import Request.
  Time since last request: 285.150121 seconds.
  path: Assets/Scenes/Level_2.unity
  artifactKey: Guid(726695b76bfcbe447b542188c7253d9f) Importer(815301076,1909f56bfc062723c751e8b465ee728b)
Start importing Assets/Scenes/Level_2.unity using Guid(726695b76bfcbe447b542188c7253d9f) Importer(815301076,1909f56bfc062723c751e8b465ee728b)  -> (artifact id: 'c6efb1c112f72d565573acf2804faf1b') in 0.002735 seconds
  Import took 0.010306 seconds .

========================================================================
Received Import Request.
  Time since last request: 1142.886314 seconds.
  path: Assets/Models/Imports
  artifactKey: Guid(fa4bc8a9aa1ccc54c9e7b14b659ada26) Importer(815301076,1909f56bfc062723c751e8b465ee728b)
Start importing Assets/Models/Imports using Guid(fa4bc8a9aa1ccc54c9e7b14b659ada26) Importer(815301076,1909f56bfc062723c751e8b465ee728b)  -> (artifact id: '88750ceb11a55ab36552a28c031f06a8') in 0.007710 seconds
  Import took 0.014541 seconds .

========================================================================
Received Import Request.
  Time since last request: 0.096933 seconds.
  path: Assets/Models/Imports/1.FBX
  artifactKey: Guid(753c0600c0868b145954f617fc91335b) Importer(815301076,1909f56bfc062723c751e8b465ee728b)
Start importing Assets/Models/Imports/1.FBX using Guid(753c0600c0868b145954f617fc91335b) Importer(815301076,1909f56bfc062723c751e8b465ee728b) Launched and connected shader compiler UnityShaderCompiler.exe after 0.05 seconds
Launched and connected shader compiler UnityShaderCompiler.exe after 0.06 seconds
Launched and connected shader compiler UnityShaderCompiler.exe after 0.06 seconds
Launched and connected shader compiler UnityShaderCompiler.exe after 0.07 seconds
Launched and connected shader compiler UnityShaderCompiler.exe after 0.06 seconds
Launched and connected shader compiler UnityShaderCompiler.exe after 0.06 seconds
Launched and connected shader compiler UnityShaderCompiler.exe after 0.06 seconds
Launched and connected shader compiler UnityShaderCompiler.exe after 0.06 seconds
Launched and connected shader compiler UnityShaderCompiler.exe after 0.06 seconds
Launched and connected shader compiler UnityShaderCompiler.exe after 0.06 seconds
Launched and connected shader compiler UnityShaderCompiler.exe after 0.06 seconds
 -> (artifact id: 'b26fca75831208d3a5e7fa5d55d4c01f') in 1.742145 seconds
  Import took 1.755155 seconds .

========================================================================
Received Import Request.
  Time since last request: 2507.273655 seconds.
  path: Assets/Models/Imports/detailed props
  artifactKey: Guid(8ae8d7effff898c4aad5eeac7820d0f7) Importer(815301076,1909f56bfc062723c751e8b465ee728b)
Start importing Assets/Models/Imports/detailed props using Guid(8ae8d7effff898c4aad5eeac7820d0f7) Importer(815301076,1909f56bfc062723c751e8b465ee728b)  -> (artifact id: '966e46db0f20f6b40e913792b1486071') in 0.011063 seconds
  Import took 0.029667 seconds .

========================================================================
Received Import Request.
  Time since last request: 1.950881 seconds.
  path: Assets/Models/Imports/detailed props/Details_Arrow.fbx
  artifactKey: Guid(1c2c5cc769f073145a443754beb0e388) Importer(815301076,1909f56bfc062723c751e8b465ee728b)
Start importing Assets/Models/Imports/detailed props/Details_Arrow.fbx using Guid(1c2c5cc769f073145a443754beb0e388) Importer(815301076,1909f56bfc062723c751e8b465ee728b)  -> (artifact id: '71f1dccef4f2fc2676c39e2ad08c3354') in 0.078919 seconds
  Import took 0.087142 seconds .

========================================================================
Received Import Request.
  Time since last request: 0.000382 seconds.
  path: Assets/Models/Imports/detailed props/Details_Cylinder.fbx
  artifactKey: Guid(018fece9629bda6478fde5772a912351) Importer(815301076,1909f56bfc062723c751e8b465ee728b)
Start importing Assets/Models/Imports/detailed props/Details_Cylinder.fbx using Guid(018fece9629bda6478fde5772a912351) Importer(815301076,1909f56bfc062723c751e8b465ee728b)  -> (artifact id: '5e9019ff5cfc66aef3517f5be31d657a') in 0.057873 seconds
  Import took 0.066405 seconds .

========================================================================
Received Import Request.
  Time since last request: 0.000301 seconds.
  path: Assets/Models/Imports/detailed props/Details_Pipes_Long.fbx
  artifactKey: Guid(14d2479c279ceb645936cec4ddad8d35) Importer(815301076,1909f56bfc062723c751e8b465ee728b)
Start importing Assets/Models/Imports/detailed props/Details_Pipes_Long.fbx using Guid(14d2479c279ceb645936cec4ddad8d35) Importer(815301076,1909f56bfc062723c751e8b465ee728b)  -> (artifact id: '4d93d364a2111418cbb060bcee4b16e6') in 0.047648 seconds
  Import took 0.058933 seconds .

========================================================================
Received Import Request.
  Time since last request: 0.000377 seconds.
  path: Assets/Models/Imports/detailed props/Details_Cylinder_Long.fbx
  artifactKey: Guid(7d1304d8ba25caa41b71fc4c5c6c7308) Importer(815301076,1909f56bfc062723c751e8b465ee728b)
Start importing Assets/Models/Imports/detailed props/Details_Cylinder_Long.fbx using Guid(7d1304d8ba25caa41b71fc4c5c6c7308) Importer(815301076,1909f56bfc062723c751e8b465ee728b)  -> (artifact id: '9f698de4dc90da1a7a7b833dcdb821d9') in 0.050460 seconds
  Import took 0.062358 seconds .

========================================================================
Received Import Request.
  Time since last request: 0.000327 seconds.
  path: Assets/Models/Imports/detailed props/Details_Plate_Large.fbx
  artifactKey: Guid(e4224d06b0ca0d94cb6a263d9d4e3ea1) Importer(815301076,1909f56bfc062723c751e8b465ee728b)
Start importing Assets/Models/Imports/detailed props/Details_Plate_Large.fbx using Guid(e4224d06b0ca0d94cb6a263d9d4e3ea1) Importer(815301076,1909f56bfc062723c751e8b465ee728b)  -> (artifact id: '5dafebd9950ab12375448f2ffaed387f') in 0.044380 seconds
  Import took 0.052441 seconds .

========================================================================
Received Import Request.
  Time since last request: 0.000341 seconds.
  path: Assets/Models/Imports/detailed props/Details_Plate_Small.fbx
  artifactKey: Guid(020389a5b9fc6bc429060f61cf280151) Importer(815301076,1909f56bfc062723c751e8b465ee728b)
Start importing Assets/Models/Imports/detailed props/Details_Plate_Small.fbx using Guid(020389a5b9fc6bc429060f61cf280151) Importer(815301076,1909f56bfc062723c751e8b465ee728b)  -> (artifact id: '48650b86a4262a652ba9a355d3a291f4') in 0.043798 seconds
  Import took 0.054318 seconds .

========================================================================
Received Import Request.
  Time since last request: 0.000330 seconds.
  path: Assets/Models/Imports/detailed props/Details_Vent_1.fbx
  artifactKey: Guid(3a9090f920756e449ab13700a931917f) Importer(815301076,1909f56bfc062723c751e8b465ee728b)
Start importing Assets/Models/Imports/detailed props/Details_Vent_1.fbx using Guid(3a9090f920756e449ab13700a931917f) Importer(815301076,1909f56bfc062723c751e8b465ee728b)  -> (artifact id: 'c372b5f6c81f22250e26149274e7124f') in 0.051403 seconds
  Import took 0.059910 seconds .

========================================================================
Received Import Request.
  Time since last request: 0.000284 seconds.
  path: Assets/Models/Imports/detailed props/Details_Basic_3.fbx
  artifactKey: Guid(2b2eb567ef852184fb86b8f868e5c555) Importer(815301076,1909f56bfc062723c751e8b465ee728b)
Start importing Assets/Models/Imports/detailed props/Details_Basic_3.fbx using Guid(2b2eb567ef852184fb86b8f868e5c555) Importer(815301076,1909f56bfc062723c751e8b465ee728b)  -> (artifact id: 'bbcac191ac265b489acf918a3aacb8e9') in 0.062428 seconds
  Import took 0.070641 seconds .

========================================================================
Received Import Request.
  Time since last request: 0.000298 seconds.
  path: Assets/Models/Imports/detailed props/Details_Dots.fbx
  artifactKey: Guid(d87455c0207d37943ae63636d7c29d1b) Importer(815301076,1909f56bfc062723c751e8b465ee728b)
Start importing Assets/Models/Imports/detailed props/Details_Dots.fbx using Guid(d87455c0207d37943ae63636d7c29d1b) Importer(815301076,1909f56bfc062723c751e8b465ee728b)  -> (artifact id: 'e49e1dd99eaacae42d8ff8b9002aad91') in 0.072302 seconds
  Import took 0.081164 seconds .

========================================================================
Received Import Request.
  Time since last request: 0.000334 seconds.
  path: Assets/Models/Imports/detailed props/Details_Vent_3.fbx
  artifactKey: Guid(5377cc5b186c7ab48b1027e5ff318651) Importer(815301076,1909f56bfc062723c751e8b465ee728b)
Start importing Assets/Models/Imports/detailed props/Details_Vent_3.fbx using Guid(5377cc5b186c7ab48b1027e5ff318651) Importer(815301076,1909f56bfc062723c751e8b465ee728b)  -> (artifact id: 'f4c186497939d011f81594024eb2335f') in 0.047709 seconds
  Import took 0.056628 seconds .

========================================================================
Received Import Request.
  Time since last request: 0.000271 seconds.
  path: Assets/Models/Imports/detailed props/Details_Output_Small.fbx
  artifactKey: Guid(3a9dea9d511ace648a27f1073476748c) Importer(815301076,1909f56bfc062723c751e8b465ee728b)
Start importing Assets/Models/Imports/detailed props/Details_Output_Small.fbx using Guid(3a9dea9d511ace648a27f1073476748c) Importer(815301076,1909f56bfc062723c751e8b465ee728b)  -> (artifact id: 'ab48aa6d2a36a20cd26eb9f0c5d6efe7') in 0.067507 seconds
  Import took 0.075171 seconds .

========================================================================
Received Import Request.
  Time since last request: 0.000328 seconds.
  path: Assets/Models/Imports/detailed props/Details_Plate_Long.fbx
  artifactKey: Guid(a959e80d41ab8e042bb485923c91ddcd) Importer(815301076,1909f56bfc062723c751e8b465ee728b)
Start importing Assets/Models/Imports/detailed props/Details_Plate_Long.fbx using Guid(a959e80d41ab8e042bb485923c91ddcd) Importer(815301076,1909f56bfc062723c751e8b465ee728b)  -> (artifact id: '06eece7cf56e71069707b82f0795d928') in 0.050121 seconds
  Import took 0.058229 seconds .

========================================================================
Received Import Request.
  Time since last request: 0.000218 seconds.
  path: Assets/Models/Imports/detailed props/Details_Vent_5.fbx
  artifactKey: Guid(d06ced09eb0a69a41aa2b9fa8250735f) Importer(815301076,1909f56bfc062723c751e8b465ee728b)
Start importing Assets/Models/Imports/detailed props/Details_Vent_5.fbx using Guid(d06ced09eb0a69a41aa2b9fa8250735f) Importer(815301076,1909f56bfc062723c751e8b465ee728b)  -> (artifact id: '0062d66ca6c436030c126fda015d67b8') in 0.052965 seconds
  Import took 0.062077 seconds .

========================================================================
Received Import Request.
  Time since last request: 0.000331 seconds.
  path: Assets/Models/Imports/detailed props/Details_Output.fbx
  artifactKey: Guid(fcd7565d29f806440b28c7fa733c9a6d) Importer(815301076,1909f56bfc062723c751e8b465ee728b)
Start importing Assets/Models/Imports/detailed props/Details_Output.fbx using Guid(fcd7565d29f806440b28c7fa733c9a6d) Importer(815301076,1909f56bfc062723c751e8b465ee728b)  -> (artifact id: 'bba4c968fee158f7940db1ad70121854') in 0.055129 seconds
  Import took 0.064388 seconds .

========================================================================
Received Import Request.
  Time since last request: 0.000606 seconds.
  path: Assets/Models/Imports/detailed props/Details_Plate_Details.fbx
  artifactKey: Guid(620a8887a8a869344828152c9da26969) Importer(815301076,1909f56bfc062723c751e8b465ee728b)
Start importing Assets/Models/Imports/detailed props/Details_Plate_Details.fbx using Guid(620a8887a8a869344828152c9da26969) Importer(815301076,1909f56bfc062723c751e8b465ee728b)  -> (artifact id: 'e0244069636145a8e40ca78810b498e9') in 0.054713 seconds
  Import took 0.062717 seconds .

========================================================================
Received Import Request.
  Time since last request: 0.000292 seconds.
  path: Assets/Models/Imports/detailed props/Details_Arrow_2.fbx
  artifactKey: Guid(4a9097aa8d438d94f864603931b951d9) Importer(815301076,1909f56bfc062723c751e8b465ee728b)
Start importing Assets/Models/Imports/detailed props/Details_Arrow_2.fbx using Guid(4a9097aa8d438d94f864603931b951d9) Importer(815301076,1909f56bfc062723c751e8b465ee728b)  -> (artifact id: '9b14a2f2c1ed5faf86aa2f281b55a064') in 0.062982 seconds
  Import took 0.070448 seconds .

========================================================================
Received Import Request.
  Time since last request: 0.000301 seconds.
  path: Assets/Models/Imports/detailed props/Details_Basic_4.fbx
  artifactKey: Guid(60c7a04d00ea8924babbb664f3f0e017) Importer(815301076,1909f56bfc062723c751e8b465ee728b)
Start importing Assets/Models/Imports/detailed props/Details_Basic_4.fbx using Guid(60c7a04d00ea8924babbb664f3f0e017) Importer(815301076,1909f56bfc062723c751e8b465ee728b)  -> (artifact id: '9609a77d387c9a1062994bfa517581ef') in 0.050097 seconds
  Import took 0.057464 seconds .

========================================================================
Received Import Request.
  Time since last request: 0.000271 seconds.
  path: Assets/Models/Imports/detailed props/Details_Vent_4.fbx
  artifactKey: Guid(881603a49996f78458a919b55f766d3e) Importer(815301076,1909f56bfc062723c751e8b465ee728b)
Start importing Assets/Models/Imports/detailed props/Details_Vent_4.fbx using Guid(881603a49996f78458a919b55f766d3e) Importer(815301076,1909f56bfc062723c751e8b465ee728b)  -> (artifact id: '4391b2a3cc69dc519aac05e4be6b1912') in 0.047479 seconds
  Import took 0.055529 seconds .

========================================================================
Received Import Request.
  Time since last request: 0.000274 seconds.
  path: Assets/Models/Imports/detailed props/Details_Pipes_Small.fbx
  artifactKey: Guid(58a35b92ea6a7cc4b80539ec4f3eee52) Importer(815301076,1909f56bfc062723c751e8b465ee728b)
Start importing Assets/Models/Imports/detailed props/Details_Pipes_Small.fbx using Guid(58a35b92ea6a7cc4b80539ec4f3eee52) Importer(815301076,1909f56bfc062723c751e8b465ee728b)  -> (artifact id: '8515aa38108b4394c247d3258f632e03') in 0.050230 seconds
  Import took 0.060651 seconds .

========================================================================
Received Import Request.
  Time since last request: 0.000405 seconds.
  path: Assets/Models/Imports/detailed props/Details_Triangles.fbx
  artifactKey: Guid(d3e49e31ae782f743a1533145ca1cf06) Importer(815301076,1909f56bfc062723c751e8b465ee728b)
Start importing Assets/Models/Imports/detailed props/Details_Triangles.fbx using Guid(d3e49e31ae782f743a1533145ca1cf06) Importer(815301076,1909f56bfc062723c751e8b465ee728b)  -> (artifact id: '41099a887d84466e0747f7c539ce879c') in 0.066147 seconds
  Import took 0.074822 seconds .

========================================================================
Received Import Request.
  Time since last request: 0.000273 seconds.
  path: Assets/Models/Imports/detailed props/Details_X.fbx
  artifactKey: Guid(e934cd5df26a51e459006378e277723f) Importer(815301076,1909f56bfc062723c751e8b465ee728b)
Start importing Assets/Models/Imports/detailed props/Details_X.fbx using Guid(e934cd5df26a51e459006378e277723f) Importer(815301076,1909f56bfc062723c751e8b465ee728b)  -> (artifact id: '173c5cc700b6baffeaeb0e6af295b925') in 0.064667 seconds
  Import took 0.072502 seconds .

========================================================================
Received Import Request.
  Time since last request: 0.000287 seconds.
  path: Assets/Models/Imports/detailed props/Details_Hexagon.fbx
  artifactKey: Guid(cac00a6693ac22b4cbb22bc618e7cae3) Importer(815301076,1909f56bfc062723c751e8b465ee728b)
Start importing Assets/Models/Imports/detailed props/Details_Hexagon.fbx using Guid(cac00a6693ac22b4cbb22bc618e7cae3) Importer(815301076,1909f56bfc062723c751e8b465ee728b)  -> (artifact id: '2f22006469d8810e8247c98516512872') in 0.069267 seconds
  Import took 0.078490 seconds .

========================================================================
Received Import Request.
  Time since last request: 0.000340 seconds.
  path: Assets/Models/Imports/detailed props/Details_Vent_2.fbx
  artifactKey: Guid(3e559d0b7a08fb54888d779c5b09379f) Importer(815301076,1909f56bfc062723c751e8b465ee728b)
Start importing Assets/Models/Imports/detailed props/Details_Vent_2.fbx using Guid(3e559d0b7a08fb54888d779c5b09379f) Importer(815301076,1909f56bfc062723c751e8b465ee728b)  -> (artifact id: 'b4b8661a01a5fb6bbbba0f62af927c81') in 0.056132 seconds
  Import took 0.068230 seconds .

========================================================================
Received Import Request.
  Time since last request: 0.000351 seconds.
  path: Assets/Models/Imports/detailed props/Details_Basic_1.fbx
  artifactKey: Guid(feea2b4dc0be08945bfe076cf895c7f7) Importer(815301076,1909f56bfc062723c751e8b465ee728b)
Start importing Assets/Models/Imports/detailed props/Details_Basic_1.fbx using Guid(feea2b4dc0be08945bfe076cf895c7f7) Importer(815301076,1909f56bfc062723c751e8b465ee728b)  -> (artifact id: 'ec613183b768c97251bbfc6db505f810') in 0.055711 seconds
  Import took 0.065726 seconds .

========================================================================
Received Import Request.
  Time since last request: 0.000290 seconds.
  path: Assets/Models/Imports/detailed props/Details_Basic_2.fbx
  artifactKey: Guid(246335c41bfd6fe4a943c2d7328748ed) Importer(815301076,1909f56bfc062723c751e8b465ee728b)
Start importing Assets/Models/Imports/detailed props/Details_Basic_2.fbx using Guid(246335c41bfd6fe4a943c2d7328748ed) Importer(815301076,1909f56bfc062723c751e8b465ee728b)  -> (artifact id: 'f3bb094be9a62c2e335d35cc554e7321') in 0.055034 seconds
  Import took 0.063850 seconds .

========================================================================
Received Import Request.
  Time since last request: 0.000306 seconds.
  path: Assets/Models/Imports/detailed props/Details_Pipes_Medium.fbx
  artifactKey: Guid(075d9557914800640b62faae86161899) Importer(815301076,1909f56bfc062723c751e8b465ee728b)
Start importing Assets/Models/Imports/detailed props/Details_Pipes_Medium.fbx using Guid(075d9557914800640b62faae86161899) Importer(815301076,1909f56bfc062723c751e8b465ee728b)  -> (artifact id: '9359c4d1b1678c93e5ab3c4a4bd093f0') in 0.052816 seconds
  Import took 0.060875 seconds .

========================================================================
Received Import Request.
  Time since last request: 2.546257 seconds.
  path: Assets/Models/Imports/Doors
  artifactKey: Guid(28c2eee3ab9bb214ab8a432efc18b75a) Importer(815301076,1909f56bfc062723c751e8b465ee728b)
Start importing Assets/Models/Imports/Doors using Guid(28c2eee3ab9bb214ab8a432efc18b75a) Importer(815301076,1909f56bfc062723c751e8b465ee728b)  -> (artifact id: '9023f02eecdefe4d69f94fd115fbb584') in 0.006186 seconds
  Import took 0.015514 seconds .

========================================================================
Received Import Request.
  Time since last request: 0.083146 seconds.
  path: Assets/Models/Imports/Doors/Door_Double.fbx
  artifactKey: Guid(c61e9c237509dba4abe2737f3340c59f) Importer(815301076,1909f56bfc062723c751e8b465ee728b)
Start importing Assets/Models/Imports/Doors/Door_Double.fbx using Guid(c61e9c237509dba4abe2737f3340c59f) Importer(815301076,1909f56bfc062723c751e8b465ee728b)  -> (artifact id: 'fba6c536fd555ab376a6d1d0747d64d2') in 0.059121 seconds
  Import took 0.066942 seconds .

========================================================================
Received Import Request.
  Time since last request: 0.000328 seconds.
  path: Assets/Models/Imports/Doors/DoorSingle_Wall_SideB.fbx
  artifactKey: Guid(ee122acd7bfdbef478a1f1fd99a3de72) Importer(815301076,1909f56bfc062723c751e8b465ee728b)
Start importing Assets/Models/Imports/Doors/DoorSingle_Wall_SideB.fbx using Guid(ee122acd7bfdbef478a1f1fd99a3de72) Importer(815301076,1909f56bfc062723c751e8b465ee728b)  -> (artifact id: 'd206865b2e86a7a893cdd4a180ece421') in 0.048916 seconds
  Import took 0.058196 seconds .

========================================================================
Received Import Request.
  Time since last request: 0.000339 seconds.
  path: Assets/Models/Imports/Doors/DoorDoubleLong_Wall_SideA.fbx
  artifactKey: Guid(c59d49b0190958e47bd2098d459cc394) Importer(815301076,1909f56bfc062723c751e8b465ee728b)
Start importing Assets/Models/Imports/Doors/DoorDoubleLong_Wall_SideA.fbx using Guid(c59d49b0190958e47bd2098d459cc394) Importer(815301076,1909f56bfc062723c751e8b465ee728b)  -> (artifact id: '10f5ea39f715196bc8a459b726be5775') in 0.057650 seconds
  Import took 0.068806 seconds .

========================================================================
Received Import Request.
  Time since last request: 0.000809 seconds.
  path: Assets/Models/Imports/Doors/DoorSingle_Wall_SideA.fbx
  artifactKey: Guid(68840d691b4e6d34891e306096d0ef17) Importer(815301076,1909f56bfc062723c751e8b465ee728b)
Start importing Assets/Models/Imports/Doors/DoorSingle_Wall_SideA.fbx using Guid(68840d691b4e6d34891e306096d0ef17) Importer(815301076,1909f56bfc062723c751e8b465ee728b)  -> (artifact id: '4a702137e82cf4af93e067614f7d96de') in 0.057543 seconds
  Import took 0.073050 seconds .

========================================================================
Received Import Request.
  Time since last request: 0.000400 seconds.
  path: Assets/Models/Imports/Doors/DoorDouble_Wall_SideA.fbx
  artifactKey: Guid(4bf7dffcb2a1b2d4484261c3baab82a3) Importer(815301076,1909f56bfc062723c751e8b465ee728b)
Start importing Assets/Models/Imports/Doors/DoorDouble_Wall_SideA.fbx using Guid(4bf7dffcb2a1b2d4484261c3baab82a3) Importer(815301076,1909f56bfc062723c751e8b465ee728b)  -> (artifact id: '5ab17dd6ffbdc726cf34a6d0a2c54b93') in 0.049729 seconds
  Import took 0.063762 seconds .

========================================================================
Received Import Request.
  Time since last request: 0.000462 seconds.
  path: Assets/Models/Imports/Doors/DoorDouble_Wall_SideB.fbx
  artifactKey: Guid(b6e48546e45282445854c96d06b862c0) Importer(815301076,1909f56bfc062723c751e8b465ee728b)
Start importing Assets/Models/Imports/Doors/DoorDouble_Wall_SideB.fbx using Guid(b6e48546e45282445854c96d06b862c0) Importer(815301076,1909f56bfc062723c751e8b465ee728b)  -> (artifact id: 'b65c5610390b9728a7ff4f733f38f82d') in 0.038753 seconds
  Import took 0.049145 seconds .

========================================================================
Received Import Request.
  Time since last request: 0.001124 seconds.
  path: Assets/Models/Imports/Doors/DoorSingleLong_Wall_SideA.fbx
  artifactKey: Guid(2a57e3ebed857064ba02a595e763e1af) Importer(815301076,1909f56bfc062723c751e8b465ee728b)
Start importing Assets/Models/Imports/Doors/DoorSingleLong_Wall_SideA.fbx using Guid(2a57e3ebed857064ba02a595e763e1af) Importer(815301076,1909f56bfc062723c751e8b465ee728b)  -> (artifact id: '4af685bb3f316fd236a417d14d8e8675') in 0.058462 seconds
  Import took 0.069355 seconds .

========================================================================
Received Import Request.
  Time since last request: 0.000285 seconds.
  path: Assets/Models/Imports/Doors/Door_Single.fbx
  artifactKey: Guid(24ceaa36e9850454da22bf0e5101bf31) Importer(815301076,1909f56bfc062723c751e8b465ee728b)
Start importing Assets/Models/Imports/Doors/Door_Single.fbx using Guid(24ceaa36e9850454da22bf0e5101bf31) Importer(815301076,1909f56bfc062723c751e8b465ee728b)  -> (artifact id: 'b2d9b67e0024d63971f74a26f3421ef9') in 0.049502 seconds
  Import took 0.060930 seconds .

========================================================================
Received Import Request.
  Time since last request: 1.887690 seconds.
  path: Assets/Models/Imports/floors
  artifactKey: Guid(023f162de1a40c94b93fdba98fb9ef63) Importer(815301076,1909f56bfc062723c751e8b465ee728b)
Start importing Assets/Models/Imports/floors using Guid(023f162de1a40c94b93fdba98fb9ef63) Importer(815301076,1909f56bfc062723c751e8b465ee728b)  -> (artifact id: 'bd5a29611a2a0ebfec40e3ccd76b2d5f') in 0.008912 seconds
  Import took 0.017693 seconds .

========================================================================
Received Import Request.
  Time since last request: 0.057585 seconds.
  path: Assets/Models/Imports/floors/FloorTile_Basic.fbx
  artifactKey: Guid(c986488721e8cf94293411d72a113c5d) Importer(815301076,1909f56bfc062723c751e8b465ee728b)
Start importing Assets/Models/Imports/floors/FloorTile_Basic.fbx using Guid(c986488721e8cf94293411d72a113c5d) Importer(815301076,1909f56bfc062723c751e8b465ee728b)  -> (artifact id: '9ff1b6bac36e42f7baf7866f6c89d924') in 0.031711 seconds
  Import took 0.040611 seconds .

========================================================================
Received Import Request.
  Time since last request: 0.000252 seconds.
  path: Assets/Models/Imports/floors/FloorTile_Double_Hallway.fbx
  artifactKey: Guid(ec4a96e8bc71d1c4f8f2f30345c459d1) Importer(815301076,1909f56bfc062723c751e8b465ee728b)
Start importing Assets/Models/Imports/floors/FloorTile_Double_Hallway.fbx using Guid(ec4a96e8bc71d1c4f8f2f30345c459d1) Importer(815301076,1909f56bfc062723c751e8b465ee728b)  -> (artifact id: '9266dd3bf300c71da229ce16e7af1206') in 0.042850 seconds
  Import took 0.050617 seconds .

========================================================================
Received Import Request.
  Time since last request: 0.000308 seconds.
  path: Assets/Models/Imports/floors/FloorTile_InnerCorner.fbx
  artifactKey: Guid(4618bcbbd8a418e49b9d2e7a4baf1298) Importer(815301076,1909f56bfc062723c751e8b465ee728b)
Start importing Assets/Models/Imports/floors/FloorTile_InnerCorner.fbx using Guid(4618bcbbd8a418e49b9d2e7a4baf1298) Importer(815301076,1909f56bfc062723c751e8b465ee728b)  -> (artifact id: '85493d524156709f54d5dd8a9f6fe3ed') in 0.045642 seconds
  Import took 0.058311 seconds .

========================================================================
Received Import Request.
  Time since last request: 0.000420 seconds.
  path: Assets/Models/Imports/floors/FloorTile_Empty.fbx
  artifactKey: Guid(ddf47fcc7eebce840821d579046986c6) Importer(815301076,1909f56bfc062723c751e8b465ee728b)
Start importing Assets/Models/Imports/floors/FloorTile_Empty.fbx using Guid(ddf47fcc7eebce840821d579046986c6) Importer(815301076,1909f56bfc062723c751e8b465ee728b)  -> (artifact id: '500fb186e32d0b00ba27243ed5dd5a93') in 0.042032 seconds
  Import took 0.052015 seconds .

========================================================================
Received Import Request.
  Time since last request: 0.000434 seconds.
  path: Assets/Models/Imports/floors/FloorTile_Corner.fbx
  artifactKey: Guid(6c276fac85ee41b4f88d21b4fdcf36c8) Importer(815301076,1909f56bfc062723c751e8b465ee728b)
Start importing Assets/Models/Imports/floors/FloorTile_Corner.fbx using Guid(6c276fac85ee41b4f88d21b4fdcf36c8) Importer(815301076,1909f56bfc062723c751e8b465ee728b)  -> (artifact id: 'ed860ca31d9423f0c4a6630c7f8412a4') in 0.041656 seconds
  Import took 0.050356 seconds .

========================================================================
Received Import Request.
  Time since last request: 0.000338 seconds.
  path: Assets/Models/Imports/floors/FloorTile_Side.fbx
  artifactKey: Guid(c8cb66b75e3bf44449254bb388c92901) Importer(815301076,1909f56bfc062723c751e8b465ee728b)
Start importing Assets/Models/Imports/floors/FloorTile_Side.fbx using Guid(c8cb66b75e3bf44449254bb388c92901) Importer(815301076,1909f56bfc062723c751e8b465ee728b)  -> (artifact id: 'ef7fc5af900348dc75ff68622418094d') in 0.054590 seconds
  Import took 0.063024 seconds .

========================================================================
Received Import Request.
  Time since last request: 0.000272 seconds.
  path: Assets/Models/Imports/floors/FloorTile_Basic2.fbx
  artifactKey: Guid(165aaabc347e9d04fa76b3b1cd5fc6d6) Importer(815301076,1909f56bfc062723c751e8b465ee728b)
Start importing Assets/Models/Imports/floors/FloorTile_Basic2.fbx using Guid(165aaabc347e9d04fa76b3b1cd5fc6d6) Importer(815301076,1909f56bfc062723c751e8b465ee728b)  -> (artifact id: '983ed11864e0bc15d56b3a3165748e64') in 0.055144 seconds
  Import took 0.065685 seconds .

========================================================================
Received Import Request.
  Time since last request: 0.005415 seconds.
  path: Assets/Models/Imports/floors/FloorTile_Basic2.fbx
  artifactKey: Guid(165aaabc347e9d04fa76b3b1cd5fc6d6) Importer(815301076,1909f56bfc062723c751e8b465ee728b)
Start importing Assets/Models/Imports/floors/FloorTile_Basic2.fbx using Guid(165aaabc347e9d04fa76b3b1cd5fc6d6) Importer(815301076,1909f56bfc062723c751e8b465ee728b)  -> (artifact id: '983ed11864e0bc15d56b3a3165748e64') in 0.049781 seconds
  Import took 0.060862 seconds .

========================================================================
Received Import Request.
  Time since last request: 2.122651 seconds.
  path: Assets/Models/Imports/Materials
  artifactKey: Guid(bc48b69edbb730443b92d0bbdfaeb996) Importer(815301076,1909f56bfc062723c751e8b465ee728b)
Start importing Assets/Models/Imports/Materials using Guid(bc48b69edbb730443b92d0bbdfaeb996) Importer(815301076,1909f56bfc062723c751e8b465ee728b)  -> (artifact id: 'aee5321566c36d2d079e7a012223dc2f') in 0.007294 seconds
  Import took 0.016599 seconds .

========================================================================
Received Import Request.
  Time since last request: 0.055711 seconds.
  path: Assets/Models/Imports/Materials/_000002Default_Fabric_FRONT_2619.mat
  artifactKey: Guid(f4053ebb193abc54fabf6e95a8f3115e) Importer(815301076,1909f56bfc062723c751e8b465ee728b)
Start importing Assets/Models/Imports/Materials/_000002Default_Fabric_FRONT_2619.mat using Guid(f4053ebb193abc54fabf6e95a8f3115e) Importer(815301076,1909f56bfc062723c751e8b465ee728b)  -> (artifact id: '0a35c8db3e9958c642c5fa8639684866') in 0.035829 seconds
  Import took 0.043571 seconds .

========================================================================
Received Import Request.
  Time since last request: 0.000348 seconds.
  path: Assets/Models/Imports/Materials/Accent 9.mat
  artifactKey: Guid(e085e0ff28dfe7647abaeea1be6362d5) Importer(815301076,1909f56bfc062723c751e8b465ee728b)
Start importing Assets/Models/Imports/Materials/Accent 9.mat using Guid(e085e0ff28dfe7647abaeea1be6362d5) Importer(815301076,1909f56bfc062723c751e8b465ee728b)  -> (artifact id: 'e9d7774374acc60189971f793ffabd80') in 0.036708 seconds
  Import took 0.047884 seconds .

========================================================================
Received Import Request.
  Time since last request: 0.000421 seconds.
  path: Assets/Models/Imports/Materials/Accent 4.mat
  artifactKey: Guid(57fecc9896cda2749a74f67953d4e6ba) Importer(815301076,1909f56bfc062723c751e8b465ee728b)
Start importing Assets/Models/Imports/Materials/Accent 4.mat using Guid(57fecc9896cda2749a74f67953d4e6ba) Importer(815301076,1909f56bfc062723c751e8b465ee728b)  -> (artifact id: '88f405e97bb8411cf5517f70eb439188') in 0.036153 seconds
  Import took 0.046688 seconds .

========================================================================
Received Import Request.
  Time since last request: 0.000316 seconds.
  path: Assets/Models/Imports/Materials/Accent 14.mat
  artifactKey: Guid(4432c64e0b332d24eb3a0a06a4b411d8) Importer(815301076,1909f56bfc062723c751e8b465ee728b)
Start importing Assets/Models/Imports/Materials/Accent 14.mat using Guid(4432c64e0b332d24eb3a0a06a4b411d8) Importer(815301076,1909f56bfc062723c751e8b465ee728b)  -> (artifact id: '514b6e2106808aec084087cb99bedc5a') in 0.043690 seconds
  Import took 0.052452 seconds .

========================================================================
Received Import Request.
  Time since last request: 0.000276 seconds.
  path: Assets/Models/Imports/Materials/Accent 8.mat
  artifactKey: Guid(ef0f205f5a6b6f346900d858a7e88b28) Importer(815301076,1909f56bfc062723c751e8b465ee728b)
Start importing Assets/Models/Imports/Materials/Accent 8.mat using Guid(ef0f205f5a6b6f346900d858a7e88b28) Importer(815301076,1909f56bfc062723c751e8b465ee728b)  -> (artifact id: '2c97a187dd19585ed212a2eb95c5fd5b') in 0.034772 seconds
  Import took 0.043873 seconds .

========================================================================
Received Import Request.
  Time since last request: 0.000338 seconds.
  path: Assets/Models/Imports/Materials/Accent 50.mat
  artifactKey: Guid(f2484e5413c4a314692033dad86b2909) Importer(815301076,1909f56bfc062723c751e8b465ee728b)
Start importing Assets/Models/Imports/Materials/Accent 50.mat using Guid(f2484e5413c4a314692033dad86b2909) Importer(815301076,1909f56bfc062723c751e8b465ee728b)  -> (artifact id: '5c748ff111630e9684294bd1ef783fdb') in 0.041958 seconds
  Import took 0.053643 seconds .

========================================================================
Received Import Request.
  Time since last request: 0.000400 seconds.
  path: Assets/Models/Imports/Materials/Accent 21.mat
  artifactKey: Guid(4c258500a80640241a4656902472a376) Importer(815301076,1909f56bfc062723c751e8b465ee728b)
Start importing Assets/Models/Imports/Materials/Accent 21.mat using Guid(4c258500a80640241a4656902472a376) Importer(815301076,1909f56bfc062723c751e8b465ee728b)  -> (artifact id: 'faa22f1644860fb31f015034f17bcf62') in 0.043088 seconds
  Import took 0.052756 seconds .

========================================================================
Received Import Request.
  Time since last request: 0.000260 seconds.
  path: Assets/Models/Imports/Materials/Accent 42.mat
  artifactKey: Guid(9ba27c6f20b375748853ef8582c4b224) Importer(815301076,1909f56bfc062723c751e8b465ee728b)
Start importing Assets/Models/Imports/Materials/Accent 42.mat using Guid(9ba27c6f20b375748853ef8582c4b224) Importer(815301076,1909f56bfc062723c751e8b465ee728b)  -> (artifact id: '8af6950a8aa3923df1df18ab1ef531ed') in 0.038806 seconds
  Import took 0.048631 seconds .

========================================================================
Received Import Request.
  Time since last request: 0.000347 seconds.
  path: Assets/Models/Imports/Materials/Accent 10.mat
  artifactKey: Guid(acd40c508a0638c4491e67ffbbb9df5e) Importer(815301076,1909f56bfc062723c751e8b465ee728b)
Start importing Assets/Models/Imports/Materials/Accent 10.mat using Guid(acd40c508a0638c4491e67ffbbb9df5e) Importer(815301076,1909f56bfc062723c751e8b465ee728b)  -> (artifact id: '430efbfeb88064a626c3aad5673ae1f6') in 0.035724 seconds
  Import took 0.045951 seconds .

========================================================================
Received Import Request.
  Time since last request: 0.000304 seconds.
  path: Assets/Models/Imports/Materials/Accent 26.mat
  artifactKey: Guid(bc49134e5d57dd84a9a46ae3fe42f2c0) Importer(815301076,1909f56bfc062723c751e8b465ee728b)
Start importing Assets/Models/Imports/Materials/Accent 26.mat using Guid(bc49134e5d57dd84a9a46ae3fe42f2c0) Importer(815301076,1909f56bfc062723c751e8b465ee728b)  -> (artifact id: '9a12f9d75c94de9d6b841bc2f97e50d2') in 0.034788 seconds
  Import took 0.044900 seconds .

========================================================================
Received Import Request.
  Time since last request: 0.000347 seconds.
  path: Assets/Models/Imports/Materials/_8798787Default_Fabric_FRONT_3179.mat
  artifactKey: Guid(120a520796c21d5488a91c93d0a06c09) Importer(815301076,1909f56bfc062723c751e8b465ee728b)
Start importing Assets/Models/Imports/Materials/_8798787Default_Fabric_FRONT_3179.mat using Guid(120a520796c21d5488a91c93d0a06c09) Importer(815301076,1909f56bfc062723c751e8b465ee728b)  -> (artifact id: '60c1e41612a4704f9f37eca1f0709468') in 0.036682 seconds
  Import took 0.049817 seconds .

========================================================================
Received Import Request.
  Time since last request: 0.000273 seconds.
  path: Assets/Models/Imports/Materials/Accent 22.mat
  artifactKey: Guid(c591c0287aca4644e9e3bc991c958eb1) Importer(815301076,1909f56bfc062723c751e8b465ee728b)
Start importing Assets/Models/Imports/Materials/Accent 22.mat using Guid(c591c0287aca4644e9e3bc991c958eb1) Importer(815301076,1909f56bfc062723c751e8b465ee728b)  -> (artifact id: '4b868a2cc2c5df69ff46ee27ece7eff3') in 0.047234 seconds
  Import took 0.055738 seconds .

========================================================================
Received Import Request.
  Time since last request: 0.000285 seconds.
  path: Assets/Models/Imports/Materials/Accent 34.mat
  artifactKey: Guid(e8c504d5f1ab76945a3171714af5d6f7) Importer(815301076,1909f56bfc062723c751e8b465ee728b)
Start importing Assets/Models/Imports/Materials/Accent 34.mat using Guid(e8c504d5f1ab76945a3171714af5d6f7) Importer(815301076,1909f56bfc062723c751e8b465ee728b)  -> (artifact id: 'cd6b14a587aea5f986438d3b06963b43') in 0.043955 seconds
  Import took 0.053571 seconds .

========================================================================
Received Import Request.
  Time since last request: 0.000363 seconds.
  path: Assets/Models/Imports/Materials/_000003Default_Fabric_FRONT_2619 1.mat
  artifactKey: Guid(0efdaa143a297c844aec892c15ede3e1) Importer(815301076,1909f56bfc062723c751e8b465ee728b)
Start importing Assets/Models/Imports/Materials/_000003Default_Fabric_FRONT_2619 1.mat using Guid(0efdaa143a297c844aec892c15ede3e1) Importer(815301076,1909f56bfc062723c751e8b465ee728b)  -> (artifact id: '147fadea823548853cbb1648fbbc9214') in 0.036970 seconds
  Import took 0.047995 seconds .

========================================================================
Received Import Request.
  Time since last request: 0.000239 seconds.
  path: Assets/Models/Imports/Materials/_труба гофра порванаMaterial1878.mat
  artifactKey: Guid(026e38cda4ca3c6489f6d6159a93d3b2) Importer(815301076,1909f56bfc062723c751e8b465ee728b)
Start importing Assets/Models/Imports/Materials/_труба гофра порванаMaterial1878.mat using Guid(026e38cda4ca3c6489f6d6159a93d3b2) Importer(815301076,1909f56bfc062723c751e8b465ee728b)  -> (artifact id: 'f7a093858f6486a7bff8f5b3567df556') in 0.040689 seconds
  Import took 0.050940 seconds .

========================================================================
Received Import Request.
  Time since last request: 0.000448 seconds.
  path: Assets/Models/Imports/Materials/Accent 40.mat
  artifactKey: Guid(8c79ecd4a85fc9445995e819b9999f94) Importer(815301076,1909f56bfc062723c751e8b465ee728b)
Start importing Assets/Models/Imports/Materials/Accent 40.mat using Guid(8c79ecd4a85fc9445995e819b9999f94) Importer(815301076,1909f56bfc062723c751e8b465ee728b)  -> (artifact id: '1e9beec4308acca4418543f1a4cea04e') in 0.044337 seconds
  Import took 0.057027 seconds .

========================================================================
Received Import Request.
  Time since last request: 0.000219 seconds.
  path: Assets/Models/Imports/Materials/Accent 18.mat
  artifactKey: Guid(0be2cab25b0747b439665297664643fb) Importer(815301076,1909f56bfc062723c751e8b465ee728b)
Start importing Assets/Models/Imports/Materials/Accent 18.mat using Guid(0be2cab25b0747b439665297664643fb) Importer(815301076,1909f56bfc062723c751e8b465ee728b)  -> (artifact id: '6d759af8b12569eed072a1ad9aef7d70') in 0.040766 seconds
  Import took 0.050878 seconds .

========================================================================
Received Import Request.
  Time since last request: 0.000313 seconds.
  path: Assets/Models/Imports/Materials/Accent 7.mat
  artifactKey: Guid(86259a26a4fc2f24b9366568ce2f3ae6) Importer(815301076,1909f56bfc062723c751e8b465ee728b)
Start importing Assets/Models/Imports/Materials/Accent 7.mat using Guid(86259a26a4fc2f24b9366568ce2f3ae6) Importer(815301076,1909f56bfc062723c751e8b465ee728b)  -> (artifact id: '794b3f3d460efd9ac82638d4d01c867a') in 0.038704 seconds
  Import took 0.050207 seconds .

========================================================================
Received Import Request.
  Time since last request: 0.000378 seconds.
  path: Assets/Models/Imports/Materials/Accent 16.mat
  artifactKey: Guid(33086b66eefa7ba4c93458722ecc2165) Importer(815301076,1909f56bfc062723c751e8b465ee728b)
Start importing Assets/Models/Imports/Materials/Accent 16.mat using Guid(33086b66eefa7ba4c93458722ecc2165) Importer(815301076,1909f56bfc062723c751e8b465ee728b)  -> (artifact id: 'bba98bbe4fc676c353247b3c3c518f3f') in 0.040429 seconds
  Import took 0.051065 seconds .

========================================================================
Received Import Request.
  Time since last request: 0.000453 seconds.
  path: Assets/Models/Imports/Materials/Accent 2.mat
  artifactKey: Guid(4923f8be6c2c33b47882962caa038a99) Importer(815301076,1909f56bfc062723c751e8b465ee728b)
Start importing Assets/Models/Imports/Materials/Accent 2.mat using Guid(4923f8be6c2c33b47882962caa038a99) Importer(815301076,1909f56bfc062723c751e8b465ee728b)  -> (artifact id: '4fa57fc36fb341ec0ca85a78ccccf228') in 0.037481 seconds
  Import took 0.047475 seconds .

========================================================================
Received Import Request.
  Time since last request: 0.000436 seconds.
  path: Assets/Models/Imports/Materials/Accent 47.mat
  artifactKey: Guid(3d80b76f37adb8a4abb95540a6cb6e3a) Importer(815301076,1909f56bfc062723c751e8b465ee728b)
Start importing Assets/Models/Imports/Materials/Accent 47.mat using Guid(3d80b76f37adb8a4abb95540a6cb6e3a) Importer(815301076,1909f56bfc062723c751e8b465ee728b)  -> (artifact id: '1a1f5a573d97e55f1cea12cfdb641035') in 0.044633 seconds
  Import took 0.055596 seconds .

========================================================================
Received Import Request.
  Time since last request: 0.000260 seconds.
  path: Assets/Models/Imports/Materials/Accent 41.mat
  artifactKey: Guid(e5de1ca5ec2441140a4ff469ae3c6384) Importer(815301076,1909f56bfc062723c751e8b465ee728b)
Start importing Assets/Models/Imports/Materials/Accent 41.mat using Guid(e5de1ca5ec2441140a4ff469ae3c6384) Importer(815301076,1909f56bfc062723c751e8b465ee728b)  -> (artifact id: 'f94841277ad210c16e41b9e6fab50c18') in 0.037859 seconds
  Import took 0.048801 seconds .

========================================================================
Received Import Request.
  Time since last request: 0.000274 seconds.
  path: Assets/Models/Imports/Materials/_9999Default_Fabric_FRONT_1807.mat
  artifactKey: Guid(ab86e3a9eeea1f64d97efa15aa69d8cd) Importer(815301076,1909f56bfc062723c751e8b465ee728b)
Start importing Assets/Models/Imports/Materials/_9999Default_Fabric_FRONT_1807.mat using Guid(ab86e3a9eeea1f64d97efa15aa69d8cd) Importer(815301076,1909f56bfc062723c751e8b465ee728b)  -> (artifact id: 'f2427028797eda0bfa3272b380d23a75') in 0.035471 seconds
  Import took 0.048208 seconds .

========================================================================
Received Import Request.
  Time since last request: 0.000330 seconds.
  path: Assets/Models/Imports/Materials/Accent 6.mat
  artifactKey: Guid(e1d5c78006ce7ab4797a5f7b775ecaf5) Importer(815301076,1909f56bfc062723c751e8b465ee728b)
Start importing Assets/Models/Imports/Materials/Accent 6.mat using Guid(e1d5c78006ce7ab4797a5f7b775ecaf5) Importer(815301076,1909f56bfc062723c751e8b465ee728b)  -> (artifact id: 'd0569bbff0f214dfbbf0932995c6b527') in 0.035781 seconds
  Import took 0.046769 seconds .

========================================================================
Received Import Request.
  Time since last request: 0.000272 seconds.
  path: Assets/Models/Imports/Materials/Accent 24.mat
  artifactKey: Guid(85199cc698232714293060e9b192a67e) Importer(815301076,1909f56bfc062723c751e8b465ee728b)
Start importing Assets/Models/Imports/Materials/Accent 24.mat using Guid(85199cc698232714293060e9b192a67e) Importer(815301076,1909f56bfc062723c751e8b465ee728b)  -> (artifact id: '80533b7db896dd302f53544d2de9bbbd') in 0.039311 seconds
  Import took 0.050160 seconds .

========================================================================
Received Import Request.
  Time since last request: 0.000288 seconds.
  path: Assets/Models/Imports/Materials/Accent 20.mat
  artifactKey: Guid(28d6268c79d57f9479a8d419f4afef07) Importer(815301076,1909f56bfc062723c751e8b465ee728b)
Start importing Assets/Models/Imports/Materials/Accent 20.mat using Guid(28d6268c79d57f9479a8d419f4afef07) Importer(815301076,1909f56bfc062723c751e8b465ee728b)  -> (artifact id: '86b92c7d329d2c45e7ec7a9be240f1ab') in 0.045069 seconds
  Import took 0.055350 seconds .

========================================================================
Received Import Request.
  Time since last request: 0.000213 seconds.
  path: Assets/Models/Imports/Materials/Accent 27.mat
  artifactKey: Guid(6c5b2730e65f0824bbbf479c5bce4245) Importer(815301076,1909f56bfc062723c751e8b465ee728b)
Start importing Assets/Models/Imports/Materials/Accent 27.mat using Guid(6c5b2730e65f0824bbbf479c5bce4245) Importer(815301076,1909f56bfc062723c751e8b465ee728b)  -> (artifact id: '90cc7f352cd6884b5fed9420b5fe8c75') in 0.037995 seconds
  Import took 0.049514 seconds .

========================================================================
Received Import Request.
  Time since last request: 0.000438 seconds.
  path: Assets/Models/Imports/Materials/Accent 28.mat
  artifactKey: Guid(1c47b02b65571394ea3773e5a90775f9) Importer(815301076,1909f56bfc062723c751e8b465ee728b)
Start importing Assets/Models/Imports/Materials/Accent 28.mat using Guid(1c47b02b65571394ea3773e5a90775f9) Importer(815301076,1909f56bfc062723c751e8b465ee728b)  -> (artifact id: '9e956076cc21500f55c14ecb3a5d4f86') in 0.036635 seconds
  Import took 0.050784 seconds .

========================================================================
Received Import Request.
  Time since last request: 0.000247 seconds.
  path: Assets/Models/Imports/Materials/Accent 15.mat
  artifactKey: Guid(b4fee1332553f1a4ab9751bac109fcaf) Importer(815301076,1909f56bfc062723c751e8b465ee728b)
Start importing Assets/Models/Imports/Materials/Accent 15.mat using Guid(b4fee1332553f1a4ab9751bac109fcaf) Importer(815301076,1909f56bfc062723c751e8b465ee728b)  -> (artifact id: '604184e91d84e2b596f6e3f10e13113c') in 0.041802 seconds
  Import took 0.051263 seconds .

========================================================================
Received Import Request.
  Time since last request: 0.000402 seconds.
  path: Assets/Models/Imports/Materials/_000003Default_Fabric_FRONT_2619.mat
  artifactKey: Guid(d2bdb31655dd2af4d8f56d79d40a35bc) Importer(815301076,1909f56bfc062723c751e8b465ee728b)
Start importing Assets/Models/Imports/Materials/_000003Default_Fabric_FRONT_2619.mat using Guid(d2bdb31655dd2af4d8f56d79d40a35bc) Importer(815301076,1909f56bfc062723c751e8b465ee728b)  -> (artifact id: 'c5ee5e8f18f917925aa29e6a5e16dfd6') in 0.056348 seconds
  Import took 0.065749 seconds .

========================================================================
Received Import Request.
  Time since last request: 0.000281 seconds.
  path: Assets/Models/Imports/Materials/Accent 38.mat
  artifactKey: Guid(1719f781f36edd348990f8b0ec024fa0) Importer(815301076,1909f56bfc062723c751e8b465ee728b)
Start importing Assets/Models/Imports/Materials/Accent 38.mat using Guid(1719f781f36edd348990f8b0ec024fa0) Importer(815301076,1909f56bfc062723c751e8b465ee728b)  -> (artifact id: 'f78e38e76908633147ff1abb305fa208') in 0.038058 seconds
  Import took 0.046816 seconds .

========================================================================
Received Import Request.
  Time since last request: 0.000793 seconds.
  path: Assets/Models/Imports/Materials/Accent 32.mat
  artifactKey: Guid(55372fb0b3eb77c49926b43ede59ae9a) Importer(815301076,1909f56bfc062723c751e8b465ee728b)
Start importing Assets/Models/Imports/Materials/Accent 32.mat using Guid(55372fb0b3eb77c49926b43ede59ae9a) Importer(815301076,1909f56bfc062723c751e8b465ee728b)  -> (artifact id: 'bee63a048c9d7c751c2bce992507f41b') in 0.034852 seconds
  Import took 0.045582 seconds .

========================================================================
Received Import Request.
  Time since last request: 0.000313 seconds.
  path: Assets/Models/Imports/Materials/Accent 46.mat
  artifactKey: Guid(8cbc61391add3a74fb5646f459797778) Importer(815301076,1909f56bfc062723c751e8b465ee728b)
Start importing Assets/Models/Imports/Materials/Accent 46.mat using Guid(8cbc61391add3a74fb5646f459797778) Importer(815301076,1909f56bfc062723c751e8b465ee728b)  -> (artifact id: 'c5d0e7c369436766d8818986f7eabf7c') in 0.048087 seconds
  Import took 0.061352 seconds .

========================================================================
Received Import Request.
  Time since last request: 0.001219 seconds.
  path: Assets/Models/Imports/Materials/Accent 5.mat
  artifactKey: Guid(c38dadbc09eaee0498587110bfe93aa3) Importer(815301076,1909f56bfc062723c751e8b465ee728b)
Start importing Assets/Models/Imports/Materials/Accent 5.mat using Guid(c38dadbc09eaee0498587110bfe93aa3) Importer(815301076,1909f56bfc062723c751e8b465ee728b)  -> (artifact id: 'f209c5692e145bea75063b34ffa71391') in 0.032759 seconds
  Import took 0.041814 seconds .

========================================================================
Received Import Request.
  Time since last request: 0.000301 seconds.
  path: Assets/Models/Imports/Materials/Accent 19.mat
  artifactKey: Guid(e798ea7895606584db258a371ff6e37b) Importer(815301076,1909f56bfc062723c751e8b465ee728b)
Start importing Assets/Models/Imports/Materials/Accent 19.mat using Guid(e798ea7895606584db258a371ff6e37b) Importer(815301076,1909f56bfc062723c751e8b465ee728b)  -> (artifact id: '586e87fcfebb86bea7d74563413da89a') in 0.038635 seconds
  Import took 0.047509 seconds .

========================================================================
Received Import Request.
  Time since last request: 0.000315 seconds.
  path: Assets/Models/Imports/Materials/Accent 48.mat
  artifactKey: Guid(30f8898bfe2148244984e514ece2a466) Importer(815301076,1909f56bfc062723c751e8b465ee728b)
Start importing Assets/Models/Imports/Materials/Accent 48.mat using Guid(30f8898bfe2148244984e514ece2a466) Importer(815301076,1909f56bfc062723c751e8b465ee728b)  -> (artifact id: 'cc388628658306dfc4ac0461899704c6') in 0.033136 seconds
  Import took 0.043962 seconds .

========================================================================
Received Import Request.
  Time since last request: 0.000317 seconds.
  path: Assets/Models/Imports/Materials/Accent 1.mat
  artifactKey: Guid(b801b922b2ffb0c4387ddfbd716a8c07) Importer(815301076,1909f56bfc062723c751e8b465ee728b)
Start importing Assets/Models/Imports/Materials/Accent 1.mat using Guid(b801b922b2ffb0c4387ddfbd716a8c07) Importer(815301076,1909f56bfc062723c751e8b465ee728b)  -> (artifact id: '2b3a0a235833a510db6da50bebb588d5') in 0.036501 seconds
  Import took 0.045345 seconds .

========================================================================
Received Import Request.
  Time since last request: 0.000295 seconds.
  path: Assets/Models/Imports/Materials/Accent 44.mat
  artifactKey: Guid(f94dcc828ebd0f441abfdc77a384bc6a) Importer(815301076,1909f56bfc062723c751e8b465ee728b)
Start importing Assets/Models/Imports/Materials/Accent 44.mat using Guid(f94dcc828ebd0f441abfdc77a384bc6a) Importer(815301076,1909f56bfc062723c751e8b465ee728b)  -> (artifact id: '5b9fd0835cadf1df8ab3ec82dd6af8ed') in 0.038131 seconds
  Import took 0.048466 seconds .

========================================================================
Received Import Request.
  Time since last request: 0.000252 seconds.
  path: Assets/Models/Imports/Materials/Accent 31.mat
  artifactKey: Guid(7236b85275cf9134fbc984f6776c2047) Importer(815301076,1909f56bfc062723c751e8b465ee728b)
Start importing Assets/Models/Imports/Materials/Accent 31.mat using Guid(7236b85275cf9134fbc984f6776c2047) Importer(815301076,1909f56bfc062723c751e8b465ee728b)  -> (artifact id: '114e7804d9d40fd71b4bf64b3f54ba98') in 0.036506 seconds
  Import took 0.046100 seconds .

========================================================================
Received Import Request.
  Time since last request: 0.000365 seconds.
  path: Assets/Models/Imports/pipes
  artifactKey: Guid(7ef39cba1f3df044c8518a7103b01057) Importer(815301076,1909f56bfc062723c751e8b465ee728b)
Start importing Assets/Models/Imports/pipes using Guid(7ef39cba1f3df044c8518a7103b01057) Importer(815301076,1909f56bfc062723c751e8b465ee728b)  -> (artifact id: '47d6ad61654bff9a51b1e1cca03c4d2f') in 0.009491 seconds
  Import took 0.019947 seconds .

========================================================================
Received Import Request.
  Time since last request: 0.000270 seconds.
  path: Assets/Models/Imports/Materials/Accent 36.mat
  artifactKey: Guid(bbc4489a42070234286748770411dffe) Importer(815301076,1909f56bfc062723c751e8b465ee728b)
Start importing Assets/Models/Imports/Materials/Accent 36.mat using Guid(bbc4489a42070234286748770411dffe) Importer(815301076,1909f56bfc062723c751e8b465ee728b)  -> (artifact id: '27c0d7ea702b7c9385db96625161b9cd') in 0.038359 seconds
  Import took 0.051059 seconds .

========================================================================
Received Import Request.
  Time since last request: 0.000362 seconds.
  path: Assets/Models/Imports/Materials/Accent 43.mat
  artifactKey: Guid(d94fd6708a2e50d42a3e996e3d2c7528) Importer(815301076,1909f56bfc062723c751e8b465ee728b)
Start importing Assets/Models/Imports/Materials/Accent 43.mat using Guid(d94fd6708a2e50d42a3e996e3d2c7528) Importer(815301076,1909f56bfc062723c751e8b465ee728b)  -> (artifact id: 'cc0b8f21407ee04ddabfd316a4cf0325') in 0.049665 seconds
  Import took 0.061904 seconds .

========================================================================
Received Import Request.
  Time since last request: 0.000382 seconds.
  path: Assets/Models/Imports/pipes/9.FBX
  artifactKey: Guid(74de3b09039b46c4786ab4e5fb9c3d4d) Importer(815301076,1909f56bfc062723c751e8b465ee728b)
Start importing Assets/Models/Imports/pipes/9.FBX using Guid(74de3b09039b46c4786ab4e5fb9c3d4d) Importer(815301076,1909f56bfc062723c751e8b465ee728b)  -> (artifact id: 'abfbafadc902c0cbfae05c7ac95960d0') in 0.051776 seconds
  Import took 0.061498 seconds .

========================================================================
Received Import Request.
  Time since last request: 0.000421 seconds.
  path: Assets/Models/Imports/pipes/1.FBX
  artifactKey: Guid(6d27706c83b78d946a605fb104a83c66) Importer(815301076,1909f56bfc062723c751e8b465ee728b)
Start importing Assets/Models/Imports/pipes/1.FBX using Guid(6d27706c83b78d946a605fb104a83c66) Importer(815301076,1909f56bfc062723c751e8b465ee728b)  -> (artifact id: '60a44a452cc392e5ec9f2cbaf501ff4c') in 2.471778 seconds
  Import took 2.485146 seconds .

========================================================================
Received Import Request.
  Time since last request: 0.000338 seconds.
  path: Assets/Models/Imports/pipes/69.FBX
  artifactKey: Guid(aceb5b1d142798841b7159299f549cc9) Importer(815301076,1909f56bfc062723c751e8b465ee728b)
Start importing Assets/Models/Imports/pipes/69.FBX using Guid(aceb5b1d142798841b7159299f549cc9) Importer(815301076,1909f56bfc062723c751e8b465ee728b)  -> (artifact id: 'a7eab4d42cf667a635fcf5d117769c1d') in 0.418873 seconds
  Import took 0.430294 seconds .

========================================================================
Received Import Request.
  Time since last request: 0.000270 seconds.
  path: Assets/Models/Imports/pipes/3.FBX
  artifactKey: Guid(56dc7d3cd02595448ae1fcbc6355e4f5) Importer(815301076,1909f56bfc062723c751e8b465ee728b)
Start importing Assets/Models/Imports/pipes/3.FBX using Guid(56dc7d3cd02595448ae1fcbc6355e4f5) Importer(815301076,1909f56bfc062723c751e8b465ee728b)  -> (artifact id: 'f99bc3e21ecc6d4ebf7e16a618879ea3') in 0.932507 seconds
  Import took 0.943791 seconds .

========================================================================
Received Import Request.
  Time since last request: 0.000339 seconds.
  path: Assets/Models/Imports/pipes/58.FBX
  artifactKey: Guid(72041f7af6bace94b9a2673cf47a511d) Importer(815301076,1909f56bfc062723c751e8b465ee728b)
Start importing Assets/Models/Imports/pipes/58.FBX using Guid(72041f7af6bace94b9a2673cf47a511d) Importer(815301076,1909f56bfc062723c751e8b465ee728b)  -> (artifact id: 'aeb6af3107a9e8de260490d713a78889') in 0.395025 seconds
  Import took 0.405609 seconds .

========================================================================
Received Import Request.
  Time since last request: 0.000426 seconds.
  path: Assets/Models/Imports/pipes/14.FBX
  artifactKey: Guid(71dd705051628634191aea3d44b0f425) Importer(815301076,1909f56bfc062723c751e8b465ee728b)
Start importing Assets/Models/Imports/pipes/14.FBX using Guid(71dd705051628634191aea3d44b0f425) Importer(815301076,1909f56bfc062723c751e8b465ee728b)  -> (artifact id: '5c1cf766ecc3811a4b61bcd97be4ed5b') in 0.064657 seconds
  Import took 0.073835 seconds .

========================================================================
Received Import Request.
  Time since last request: 0.000340 seconds.
  path: Assets/Models/Imports/pipes/6.FBX
  artifactKey: Guid(36f17eaf56309fe4ca557f2a8949f59b) Importer(815301076,1909f56bfc062723c751e8b465ee728b)
Start importing Assets/Models/Imports/pipes/6.FBX using Guid(36f17eaf56309fe4ca557f2a8949f59b) Importer(815301076,1909f56bfc062723c751e8b465ee728b)  -> (artifact id: '18ef238c6ab612bd969e54aedc05f8e9') in 0.061908 seconds
  Import took 0.072014 seconds .

========================================================================
Received Import Request.
  Time since last request: 0.000271 seconds.
  path: Assets/Models/Imports/pipes/2.FBX
  artifactKey: Guid(6480d7568d206794193ff2e134c941b7) Importer(815301076,1909f56bfc062723c751e8b465ee728b)
Start importing Assets/Models/Imports/pipes/2.FBX using Guid(6480d7568d206794193ff2e134c941b7) Importer(815301076,1909f56bfc062723c751e8b465ee728b)  -> (artifact id: 'd6a23f315f68a1c7d0722f70ff412be4') in 0.360023 seconds
  Import took 0.370254 seconds .

========================================================================
Received Import Request.
  Time since last request: 0.000344 seconds.
  path: Assets/Models/Imports/pipes/11.FBX
  artifactKey: Guid(03316b84ed1761646814d03eb06cd70a) Importer(815301076,1909f56bfc062723c751e8b465ee728b)
Start importing Assets/Models/Imports/pipes/11.FBX using Guid(03316b84ed1761646814d03eb06cd70a) Importer(815301076,1909f56bfc062723c751e8b465ee728b)  -> (artifact id: '2c30c258e719bfb47881f3b2d35efe0d') in 0.057754 seconds
  Import took 0.070306 seconds .

========================================================================
Received Import Request.
  Time since last request: 0.000457 seconds.
  path: Assets/Models/Imports/pipes/13.FBX
  artifactKey: Guid(23aed5b19f1b3ab4baceee67cb0dc085) Importer(815301076,1909f56bfc062723c751e8b465ee728b)
Start importing Assets/Models/Imports/pipes/13.FBX using Guid(23aed5b19f1b3ab4baceee67cb0dc085) Importer(815301076,1909f56bfc062723c751e8b465ee728b)  -> (artifact id: 'df5e8366bf5f9e5eb6f6b15038dded46') in 0.056750 seconds
  Import took 0.067498 seconds .

========================================================================
Received Import Request.
  Time since last request: 0.000560 seconds.
  path: Assets/Models/Imports/pipes/8.FBX
  artifactKey: Guid(f16c394f58d50264c9dcb81b76f5b0d1) Importer(815301076,1909f56bfc062723c751e8b465ee728b)
Start importing Assets/Models/Imports/pipes/8.FBX using Guid(f16c394f58d50264c9dcb81b76f5b0d1) Importer(815301076,1909f56bfc062723c751e8b465ee728b)  -> (artifact id: 'c500797c8808dece29bc0943bf171184') in 0.054204 seconds
  Import took 0.064719 seconds .

========================================================================
Received Import Request.
  Time since last request: 0.000269 seconds.
  path: Assets/Models/Imports/pipes/12.FBX
  artifactKey: Guid(29e48e79046b85548bd8c6bf1f7d8c85) Importer(815301076,1909f56bfc062723c751e8b465ee728b)
Start importing Assets/Models/Imports/pipes/12.FBX using Guid(29e48e79046b85548bd8c6bf1f7d8c85) Importer(815301076,1909f56bfc062723c751e8b465ee728b)  -> (artifact id: '601de0786b0f08727874eef8936f4014') in 0.067951 seconds
  Import took 0.079779 seconds .

========================================================================
Received Import Request.
  Time since last request: 0.000267 seconds.
  path: Assets/Models/Imports/Materials/Accent 39.mat
  artifactKey: Guid(6e43084a4c5f939438fcd1cc9542c015) Importer(815301076,1909f56bfc062723c751e8b465ee728b)
Start importing Assets/Models/Imports/Materials/Accent 39.mat using Guid(6e43084a4c5f939438fcd1cc9542c015) Importer(815301076,1909f56bfc062723c751e8b465ee728b)  -> (artifact id: 'e23c8b27f0972a11f3cc0937bf12cd0c') in 0.035112 seconds
  Import took 0.045212 seconds .

========================================================================
Received Import Request.
  Time since last request: 0.000397 seconds.
  path: Assets/Models/Imports/Materials/Accent 13.mat
  artifactKey: Guid(a83d7d14bfcc6ec44b234985b2ddc711) Importer(815301076,1909f56bfc062723c751e8b465ee728b)
Start importing Assets/Models/Imports/Materials/Accent 13.mat using Guid(a83d7d14bfcc6ec44b234985b2ddc711) Importer(815301076,1909f56bfc062723c751e8b465ee728b)  -> (artifact id: 'c93790a21ca359296fe4e2c401c21f06') in 0.037416 seconds
  Import took 0.050369 seconds .

========================================================================
Received Import Request.
  Time since last request: 0.000642 seconds.
  path: Assets/Models/Imports/Materials/Accent 49.mat
  artifactKey: Guid(35824a902b515cf4893e7ed1931e8599) Importer(815301076,1909f56bfc062723c751e8b465ee728b)
Start importing Assets/Models/Imports/Materials/Accent 49.mat using Guid(35824a902b515cf4893e7ed1931e8599) Importer(815301076,1909f56bfc062723c751e8b465ee728b)  -> (artifact id: '6164dd8d1bc2e4dea8e7e2a31ad45463') in 0.035244 seconds
  Import took 0.047826 seconds .

========================================================================
Received Import Request.
  Time since last request: 0.000407 seconds.
  path: Assets/Models/Imports/pipes/15.FBX
  artifactKey: Guid(6c88d4a5b089b5246a15ac00d2a2d3a4) Importer(815301076,1909f56bfc062723c751e8b465ee728b)
Start importing Assets/Models/Imports/pipes/15.FBX using Guid(6c88d4a5b089b5246a15ac00d2a2d3a4) Importer(815301076,1909f56bfc062723c751e8b465ee728b)  -> (artifact id: 'aad11963fef3e2fd00b3c31f64af5ac7') in 0.072051 seconds
  Import took 0.081327 seconds .

========================================================================
Received Import Request.
  Time since last request: 0.000301 seconds.
  path: Assets/Models/Imports/Materials/Accent 17.mat
  artifactKey: Guid(985f7317213207e46b6e62b0d77c59a5) Importer(815301076,1909f56bfc062723c751e8b465ee728b)
Start importing Assets/Models/Imports/Materials/Accent 17.mat using Guid(985f7317213207e46b6e62b0d77c59a5) Importer(815301076,1909f56bfc062723c751e8b465ee728b)  -> (artifact id: '3bc837ea881f85da9a0c51c8fffab17c') in 0.036615 seconds
  Import took 0.047185 seconds .

========================================================================
Received Import Request.
  Time since last request: 0.000320 seconds.
  path: Assets/Models/Imports/Materials/Accent 45.mat
  artifactKey: Guid(5a0f42254e2b13b4aac503339619933e) Importer(815301076,1909f56bfc062723c751e8b465ee728b)
Start importing Assets/Models/Imports/Materials/Accent 45.mat using Guid(5a0f42254e2b13b4aac503339619933e) Importer(815301076,1909f56bfc062723c751e8b465ee728b)  -> (artifact id: '09c7d92c4a2b61eac6525a1effc960fb') in 0.032312 seconds
  Import took 0.044718 seconds .

========================================================================
Received Import Request.
  Time since last request: 0.000393 seconds.
  path: Assets/Models/Imports/Materials/Accent 29.mat
  artifactKey: Guid(8ae348ea51ac0504b90114c2b06d3620) Importer(815301076,1909f56bfc062723c751e8b465ee728b)
Start importing Assets/Models/Imports/Materials/Accent 29.mat using Guid(8ae348ea51ac0504b90114c2b06d3620) Importer(815301076,1909f56bfc062723c751e8b465ee728b)  -> (artifact id: '24bf32054e8fe3b38514be23043dee84') in 0.048550 seconds
  Import took 0.060741 seconds .

========================================================================
Received Import Request.
  Time since last request: 0.000235 seconds.
  path: Assets/Models/Imports/pipes/5.FBX
  artifactKey: Guid(3781eb1aa9338f8459ccf31bc5637031) Importer(815301076,1909f56bfc062723c751e8b465ee728b)
Start importing Assets/Models/Imports/pipes/5.FBX using Guid(3781eb1aa9338f8459ccf31bc5637031) Importer(815301076,1909f56bfc062723c751e8b465ee728b)  -> (artifact id: '409316032b40febd3fc09fcec500312e') in 0.058939 seconds
  Import took 0.069598 seconds .

========================================================================
Received Import Request.
  Time since last request: 0.000349 seconds.
  path: Assets/Models/Imports/Materials/Accent 23.mat
  artifactKey: Guid(d1c7651721e239b49ba2dc473a2881c3) Importer(815301076,1909f56bfc062723c751e8b465ee728b)
Start importing Assets/Models/Imports/Materials/Accent 23.mat using Guid(d1c7651721e239b49ba2dc473a2881c3) Importer(815301076,1909f56bfc062723c751e8b465ee728b)  -> (artifact id: '7c0262e4bbec94b2890140d4ed911e57') in 0.036571 seconds
  Import took 0.050734 seconds .

========================================================================
Received Import Request.
  Time since last request: 0.000327 seconds.
  path: Assets/Models/Imports/Materials/Accent 11.mat
  artifactKey: Guid(ee5c75ce5c7abfe43821311d3fefd34d) Importer(815301076,1909f56bfc062723c751e8b465ee728b)
Start importing Assets/Models/Imports/Materials/Accent 11.mat using Guid(ee5c75ce5c7abfe43821311d3fefd34d) Importer(815301076,1909f56bfc062723c751e8b465ee728b)  -> (artifact id: 'ff45641157b2309253ccf443c481d954') in 0.036152 seconds
  Import took 0.048752 seconds .

========================================================================
Received Import Request.
  Time since last request: 0.000314 seconds.
  path: Assets/Models/Imports/Materials/Accent 37.mat
  artifactKey: Guid(b4defd3c2e71dd74f8c15a7d11a64807) Importer(815301076,1909f56bfc062723c751e8b465ee728b)
Start importing Assets/Models/Imports/Materials/Accent 37.mat using Guid(b4defd3c2e71dd74f8c15a7d11a64807) Importer(815301076,1909f56bfc062723c751e8b465ee728b)  -> (artifact id: '749f7a7d2edc7e4a281dfa4f3bdd4cf1') in 0.037994 seconds
  Import took 0.050337 seconds .

========================================================================
Received Import Request.
  Time since last request: 0.000462 seconds.
  path: Assets/Models/Imports/Materials/Accent 35.mat
  artifactKey: Guid(0567bf26920b3ed4cb62c35fcdd48b50) Importer(815301076,1909f56bfc062723c751e8b465ee728b)
Start importing Assets/Models/Imports/Materials/Accent 35.mat using Guid(0567bf26920b3ed4cb62c35fcdd48b50) Importer(815301076,1909f56bfc062723c751e8b465ee728b)  -> (artifact id: 'ccf56b101b99ac61ee1628113d19eb28') in 0.041764 seconds
  Import took 0.051579 seconds .

========================================================================
Received Import Request.
  Time since last request: 0.000340 seconds.
  path: Assets/Models/Imports/Materials/Accent 25.mat
  artifactKey: Guid(2c63fb73b5715b643852ff9bfa1e8723) Importer(815301076,1909f56bfc062723c751e8b465ee728b)
Start importing Assets/Models/Imports/Materials/Accent 25.mat using Guid(2c63fb73b5715b643852ff9bfa1e8723) Importer(815301076,1909f56bfc062723c751e8b465ee728b)  -> (artifact id: 'c4dffcbfe1fa301f5e8fd6d186fd65d4') in 0.040432 seconds
  Import took 0.051875 seconds .

========================================================================
Received Import Request.
  Time since last request: 0.000354 seconds.
  path: Assets/Models/Imports/Materials/Accent 30.mat
  artifactKey: Guid(502621fa1cb67e6439db02bb83ed5f6f) Importer(815301076,1909f56bfc062723c751e8b465ee728b)
Start importing Assets/Models/Imports/Materials/Accent 30.mat using Guid(502621fa1cb67e6439db02bb83ed5f6f) Importer(815301076,1909f56bfc062723c751e8b465ee728b)  -> (artifact id: '0a3e8e4289ecf533a987fbc9b8f56a24') in 0.036603 seconds
  Import took 0.048646 seconds .

========================================================================
Received Import Request.
  Time since last request: 0.001089 seconds.
  path: Assets/Models/Imports/Materials/Accent 3.mat
  artifactKey: Guid(0f29f5d066d425f4d824f4f33f0097a5) Importer(815301076,1909f56bfc062723c751e8b465ee728b)
Start importing Assets/Models/Imports/Materials/Accent 3.mat using Guid(0f29f5d066d425f4d824f4f33f0097a5) Importer(815301076,1909f56bfc062723c751e8b465ee728b)  -> (artifact id: '657a3ca2675e4305e860d688347f7427') in 0.040137 seconds
  Import took 0.051566 seconds .

========================================================================
Received Import Request.
  Time since last request: 0.000256 seconds.
  path: Assets/Models/Imports/Materials/Accent 12.mat
  artifactKey: Guid(4eba50cf138d1f84ca2b2df318e47bc9) Importer(815301076,1909f56bfc062723c751e8b465ee728b)
Start importing Assets/Models/Imports/Materials/Accent 12.mat using Guid(4eba50cf138d1f84ca2b2df318e47bc9) Importer(815301076,1909f56bfc062723c751e8b465ee728b)  -> (artifact id: '3271aa1b144d0ecc6c6d143192456088') in 0.048210 seconds
  Import took 0.059752 seconds .

========================================================================
Received Import Request.
  Time since last request: 0.000282 seconds.
  path: Assets/Models/Imports/Materials/Accent 51.mat
  artifactKey: Guid(02c2d89b7263a0f408494593603626f6) Importer(815301076,1909f56bfc062723c751e8b465ee728b)
Start importing Assets/Models/Imports/Materials/Accent 51.mat using Guid(02c2d89b7263a0f408494593603626f6) Importer(815301076,1909f56bfc062723c751e8b465ee728b)  -> (artifact id: '27bf834a681ee0ccc0a2a53970fe60ab') in 0.041784 seconds
  Import took 0.051065 seconds .

========================================================================
Received Import Request.
  Time since last request: 0.000272 seconds.
  path: Assets/Models/Imports/Materials/Accent 33.mat
  artifactKey: Guid(ad8dd7558475f2f47b38ce72eb7f9e53) Importer(815301076,1909f56bfc062723c751e8b465ee728b)
Start importing Assets/Models/Imports/Materials/Accent 33.mat using Guid(ad8dd7558475f2f47b38ce72eb7f9e53) Importer(815301076,1909f56bfc062723c751e8b465ee728b)  -> (artifact id: 'c4620e0a83697306c46cc9e6423bd7ae') in 0.044008 seconds
  Import took 0.053841 seconds .

========================================================================
Received Import Request.
  Time since last request: 2.982788 seconds.
  path: Assets/Models/Imports/Props
  artifactKey: Guid(0485ea27d20781d41879e116c525aef7) Importer(815301076,1909f56bfc062723c751e8b465ee728b)
Start importing Assets/Models/Imports/Props using Guid(0485ea27d20781d41879e116c525aef7) Importer(815301076,1909f56bfc062723c751e8b465ee728b)  -> (artifact id: '7c7bf5b9638adb3ff3df0e06d91f945c') in 0.007808 seconds
  Import took 0.017298 seconds .

========================================================================
Received Import Request.
  Time since last request: 0.059979 seconds.
  path: Assets/Models/Imports/Props/Pipes.fbx
  artifactKey: Guid(e1853e3e44b66d3479ecbc570033f6ec) Importer(815301076,1909f56bfc062723c751e8b465ee728b)
Start importing Assets/Models/Imports/Props/Pipes.fbx using Guid(e1853e3e44b66d3479ecbc570033f6ec) Importer(815301076,1909f56bfc062723c751e8b465ee728b)  -> (artifact id: '4dfe855c4bc2e49b32d4220362be27f3') in 0.057823 seconds
  Import took 0.067665 seconds .

========================================================================
Received Import Request.
  Time since last request: 0.000342 seconds.
  path: Assets/Models/Imports/Props/Props_Shelf.fbx
  artifactKey: Guid(ff0620d596741e8409d1affea8034bba) Importer(815301076,1909f56bfc062723c751e8b465ee728b)
Start importing Assets/Models/Imports/Props/Props_Shelf.fbx using Guid(ff0620d596741e8409d1affea8034bba) Importer(815301076,1909f56bfc062723c751e8b465ee728b)  -> (artifact id: 'f97592713b2d9c6c6dd8f02b99709eaa') in 0.058564 seconds
  Import took 0.067544 seconds .

========================================================================
Received Import Request.
  Time since last request: 0.000338 seconds.
  path: Assets/Models/Imports/Props/Props_Pod.fbx
  artifactKey: Guid(69c38856e7f480b41bed27b34d452138) Importer(815301076,1909f56bfc062723c751e8b465ee728b)
Start importing Assets/Models/Imports/Props/Props_Pod.fbx using Guid(69c38856e7f480b41bed27b34d452138) Importer(815301076,1909f56bfc062723c751e8b465ee728b)  -> (artifact id: 'e73aa25bcf442b26e6b9008e841ef226') in 0.055720 seconds
  Import took 0.065940 seconds .

========================================================================
Received Import Request.
  Time since last request: 0.000412 seconds.
  path: Assets/Models/Imports/Props/Props_Capsule.fbx
  artifactKey: Guid(cf445908d3d6b6c47867ce69119acacd) Importer(815301076,1909f56bfc062723c751e8b465ee728b)
Start importing Assets/Models/Imports/Props/Props_Capsule.fbx using Guid(cf445908d3d6b6c47867ce69119acacd) Importer(815301076,1909f56bfc062723c751e8b465ee728b)  -> (artifact id: 'bde2131b1cfcba42b5d7108b5794bf12') in 0.049004 seconds
  Import took 0.060423 seconds .

========================================================================
Received Import Request.
  Time since last request: 0.000749 seconds.
  path: Assets/Models/Imports/Props/Props_Chest.fbx
  artifactKey: Guid(a30641f033db41448876231d8d6e79f4) Importer(815301076,1909f56bfc062723c751e8b465ee728b)
Start importing Assets/Models/Imports/Props/Props_Chest.fbx using Guid(a30641f033db41448876231d8d6e79f4) Importer(815301076,1909f56bfc062723c751e8b465ee728b)  -> (artifact id: '770607b731bda2e81dc74664dbc82b82') in 0.082187 seconds
  Import took 0.092113 seconds .

========================================================================
Received Import Request.
  Time since last request: 0.000370 seconds.
  path: Assets/Models/Imports/Props/Props_Vessel_Short.fbx
  artifactKey: Guid(5e5cfae3911e80749b28e86a8a3b2c18) Importer(815301076,1909f56bfc062723c751e8b465ee728b)
Start importing Assets/Models/Imports/Props/Props_Vessel_Short.fbx using Guid(5e5cfae3911e80749b28e86a8a3b2c18) Importer(815301076,1909f56bfc062723c751e8b465ee728b)  -> (artifact id: '3dc8c5c4a8aa1866d71ca917e9d59a4b') in 0.051112 seconds
  Import took 0.059940 seconds .

========================================================================
Received Import Request.
  Time since last request: 0.000274 seconds.
  path: Assets/Models/Imports/Props/Props_Statue.fbx
  artifactKey: Guid(02617ab8232d6c14e9838c54abeeb631) Importer(815301076,1909f56bfc062723c751e8b465ee728b)
Start importing Assets/Models/Imports/Props/Props_Statue.fbx using Guid(02617ab8232d6c14e9838c54abeeb631) Importer(815301076,1909f56bfc062723c751e8b465ee728b)  -> (artifact id: '86527b8b11551a1d2458ad12848cfe04') in 0.051015 seconds
  Import took 0.059915 seconds .

========================================================================
Received Import Request.
  Time since last request: 0.000282 seconds.
  path: Assets/Models/Imports/Props/Props_Vessel.fbx
  artifactKey: Guid(f88a3a99ca401294a9472ddd20127854) Importer(815301076,1909f56bfc062723c751e8b465ee728b)
Start importing Assets/Models/Imports/Props/Props_Vessel.fbx using Guid(f88a3a99ca401294a9472ddd20127854) Importer(815301076,1909f56bfc062723c751e8b465ee728b)  -> (artifact id: 'd6f6d7007d4f21f886767b2a39df0d65') in 0.048446 seconds
  Import took 0.058123 seconds .

========================================================================
Received Import Request.
  Time since last request: 0.000329 seconds.
  path: Assets/Models/Imports/Props/Props_Computer.fbx
  artifactKey: Guid(5833899a102d6b54fb7a0d52e7526418) Importer(815301076,1909f56bfc062723c751e8b465ee728b)
Start importing Assets/Models/Imports/Props/Props_Computer.fbx using Guid(5833899a102d6b54fb7a0d52e7526418) Importer(815301076,1909f56bfc062723c751e8b465ee728b)  -> (artifact id: 'cb44b9c35ea47ad3366cb5e93b3488f7') in 0.060113 seconds
  Import took 0.070209 seconds .

========================================================================
Received Import Request.
  Time since last request: 0.000288 seconds.
  path: Assets/Models/Imports/Props/Props_Crate.fbx
  artifactKey: Guid(df80a766d4b9d32428beb6feb012d025) Importer(815301076,1909f56bfc062723c751e8b465ee728b)
Start importing Assets/Models/Imports/Props/Props_Crate.fbx using Guid(df80a766d4b9d32428beb6feb012d025) Importer(815301076,1909f56bfc062723c751e8b465ee728b)  -> (artifact id: '21559fb34ad9805ce78e9df02e38b2c4') in 0.054255 seconds
  Import took 0.063688 seconds .

========================================================================
Received Import Request.
  Time since last request: 0.000286 seconds.
  path: Assets/Models/Imports/Props/Props_Teleporter_1.fbx
  artifactKey: Guid(1ccf33ddae98aac4a823d3d00fe53f5b) Importer(815301076,1909f56bfc062723c751e8b465ee728b)
Start importing Assets/Models/Imports/Props/Props_Teleporter_1.fbx using Guid(1ccf33ddae98aac4a823d3d00fe53f5b) Importer(815301076,1909f56bfc062723c751e8b465ee728b)  -> (artifact id: '11326ef71a7839ac85d035783c644525') in 0.051279 seconds
  Import took 0.063673 seconds .

========================================================================
Received Import Request.
  Time since last request: 0.000472 seconds.
  path: Assets/Models/Imports/Props/Props_Base.fbx
  artifactKey: Guid(b37d48fbed09bd4449dfaf0140550810) Importer(815301076,1909f56bfc062723c751e8b465ee728b)
Start importing Assets/Models/Imports/Props/Props_Base.fbx using Guid(b37d48fbed09bd4449dfaf0140550810) Importer(815301076,1909f56bfc062723c751e8b465ee728b)  -> (artifact id: '618dce4cf2795d3ea3be657790e65f84') in 0.049129 seconds
  Import took 0.061308 seconds .

========================================================================
Received Import Request.
  Time since last request: 0.000673 seconds.
  path: Assets/Models/Imports/Props/Props_CrateLong.fbx
  artifactKey: Guid(e15fb5a7536a6a7449588813d108b8ea) Importer(815301076,1909f56bfc062723c751e8b465ee728b)
Start importing Assets/Models/Imports/Props/Props_CrateLong.fbx using Guid(e15fb5a7536a6a7449588813d108b8ea) Importer(815301076,1909f56bfc062723c751e8b465ee728b)  -> (artifact id: '800e71afb409cc8ba606c6ecd562e47f') in 0.058394 seconds
  Import took 0.072245 seconds .

========================================================================
Received Import Request.
  Time since last request: 0.000326 seconds.
  path: Assets/Models/Imports/Props/Props_Base.fbx
  artifactKey: Guid(b37d48fbed09bd4449dfaf0140550810) Importer(815301076,1909f56bfc062723c751e8b465ee728b)
Start importing Assets/Models/Imports/Props/Props_Base.fbx using Guid(b37d48fbed09bd4449dfaf0140550810) Importer(815301076,1909f56bfc062723c751e8b465ee728b)  -> (artifact id: '618dce4cf2795d3ea3be657790e65f84') in 0.046058 seconds
  Import took 0.056010 seconds .

========================================================================
Received Import Request.
  Time since last request: 0.000292 seconds.
  path: Assets/Models/Imports/Props/Props_Teleporter_2.fbx
  artifactKey: Guid(56b0ce544e50f18419ae7d7feb167bf8) Importer(815301076,1909f56bfc062723c751e8b465ee728b)
Start importing Assets/Models/Imports/Props/Props_Teleporter_2.fbx using Guid(56b0ce544e50f18419ae7d7feb167bf8) Importer(815301076,1909f56bfc062723c751e8b465ee728b)  -> (artifact id: '659c3c3a4ad351c1f8a3c88908365f58') in 0.047560 seconds
  Import took 0.060865 seconds .

========================================================================
Received Import Request.
  Time since last request: 0.000374 seconds.
  path: Assets/Models/Imports/Props/Props_Vessel_Tall.fbx
  artifactKey: Guid(d8e2de67dacf424498e0da83bab3aa9d) Importer(815301076,1909f56bfc062723c751e8b465ee728b)
Start importing Assets/Models/Imports/Props/Props_Vessel_Tall.fbx using Guid(d8e2de67dacf424498e0da83bab3aa9d) Importer(815301076,1909f56bfc062723c751e8b465ee728b)  -> (artifact id: '705285d777dd659297c0049c758787c5') in 0.053273 seconds
  Import took 0.063571 seconds .

========================================================================
Received Import Request.
  Time since last request: 0.000292 seconds.
  path: Assets/Models/Imports/Props/Props_ComputerSmall.fbx
  artifactKey: Guid(719dc8453087d7d419516cdc3f34d55e) Importer(815301076,1909f56bfc062723c751e8b465ee728b)
Start importing Assets/Models/Imports/Props/Props_ComputerSmall.fbx using Guid(719dc8453087d7d419516cdc3f34d55e) Importer(815301076,1909f56bfc062723c751e8b465ee728b)  -> (artifact id: '9738f56c41aaa0858420400cfdad9b67') in 0.054421 seconds
  Import took 0.064144 seconds .

========================================================================
Received Import Request.
  Time since last request: 0.000340 seconds.
  path: Assets/Models/Imports/Props/Props_ContainerFull.fbx
  artifactKey: Guid(089d4073e1209fc439cfc560d70d6d39) Importer(815301076,1909f56bfc062723c751e8b465ee728b)
Start importing Assets/Models/Imports/Props/Props_ContainerFull.fbx using Guid(089d4073e1209fc439cfc560d70d6d39) Importer(815301076,1909f56bfc062723c751e8b465ee728b)  -> (artifact id: '95115cda63fdcc5f0d165aa711d81de1') in 0.053944 seconds
  Import took 0.063936 seconds .

========================================================================
Received Import Request.
  Time since last request: 0.000305 seconds.
  path: Assets/Models/Imports/Props/Props_Laser.fbx
  artifactKey: Guid(cc55350e10cb6b449847717e548512c4) Importer(815301076,1909f56bfc062723c751e8b465ee728b)
Start importing Assets/Models/Imports/Props/Props_Laser.fbx using Guid(cc55350e10cb6b449847717e548512c4) Importer(815301076,1909f56bfc062723c751e8b465ee728b)  -> (artifact id: '4e43d85f719d37382985783e1c8a6830') in 0.057451 seconds
  Import took 0.067836 seconds .

========================================================================
Received Import Request.
  Time since last request: 0.000331 seconds.
  path: Assets/Models/Imports/Props/Props_Shelf_Tall.fbx
  artifactKey: Guid(d4d268f4569bec1449ec9e116804b306) Importer(815301076,1909f56bfc062723c751e8b465ee728b)
Start importing Assets/Models/Imports/Props/Props_Shelf_Tall.fbx using Guid(d4d268f4569bec1449ec9e116804b306) Importer(815301076,1909f56bfc062723c751e8b465ee728b)  -> (artifact id: '4727dc52a19fd0899fcf0cd7cd28d0e7') in 0.048223 seconds
  Import took 0.056857 seconds .

========================================================================
Received Import Request.
  Time since last request: 1082.024223 seconds.
  path: Assets/Models/Prefabs/doors/Door_Double.prefab
  artifactKey: Guid(29389fb9a96e1a946ad6528c21438d60) Importer(815301076,1909f56bfc062723c751e8b465ee728b)
Start importing Assets/Models/Prefabs/doors/Door_Double.prefab using Guid(29389fb9a96e1a946ad6528c21438d60) Importer(815301076,1909f56bfc062723c751e8b465ee728b)  -> (artifact id: '2967051c2c9e0dcd2f95d3c4e22b95d5') in 0.033816 seconds
  Import took 0.045742 seconds .

========================================================================
Received Import Request.
  Time since last request: 0.000357 seconds.
  path: Assets/Models/Prefabs/doors/DoorDouble_Wall_SideB.prefab
  artifactKey: Guid(aed104f615caa9a40912f0acf6d0a61c) Importer(815301076,1909f56bfc062723c751e8b465ee728b)
Start importing Assets/Models/Prefabs/doors/DoorDouble_Wall_SideB.prefab using Guid(aed104f615caa9a40912f0acf6d0a61c) Importer(815301076,1909f56bfc062723c751e8b465ee728b)  -> (artifact id: 'de4d892e8f52fe526be1b11c64c9fa37') in 0.038381 seconds
  Import took 0.050818 seconds .

========================================================================
Received Import Request.
  Time since last request: 0.000356 seconds.
  path: Assets/Models/Prefabs/doors/DoorSingleLong_Wall_SideA.prefab
  artifactKey: Guid(dd053bf32faaf1348afcd5c0b6d0accd) Importer(815301076,1909f56bfc062723c751e8b465ee728b)
Start importing Assets/Models/Prefabs/doors/DoorSingleLong_Wall_SideA.prefab using Guid(dd053bf32faaf1348afcd5c0b6d0accd) Importer(815301076,1909f56bfc062723c751e8b465ee728b)  -> (artifact id: '717d4ad8a8dc49264300ed3c0fde64a8') in 0.036587 seconds
  Import took 0.047074 seconds .

========================================================================
Received Import Request.
  Time since last request: 0.000440 seconds.
  path: Assets/Models/Prefabs/doors/DoorDouble_Wall_SideA.prefab
  artifactKey: Guid(8a9cee95fa31ea14a8d3392492baa99b) Importer(815301076,1909f56bfc062723c751e8b465ee728b)
Start importing Assets/Models/Prefabs/doors/DoorDouble_Wall_SideA.prefab using Guid(8a9cee95fa31ea14a8d3392492baa99b) Importer(815301076,1909f56bfc062723c751e8b465ee728b)  -> (artifact id: 'd67588ced49febb41a297d0ae57a278e') in 0.039572 seconds
  Import took 0.053440 seconds .

========================================================================
Received Import Request.
  Time since last request: 0.000299 seconds.
  path: Assets/Models/Prefabs/doors/Door_Single.prefab
  artifactKey: Guid(1cdaa924fcdc42d4d83d7d11e4ebfbc4) Importer(815301076,1909f56bfc062723c751e8b465ee728b)
Start importing Assets/Models/Prefabs/doors/Door_Single.prefab using Guid(1cdaa924fcdc42d4d83d7d11e4ebfbc4) Importer(815301076,1909f56bfc062723c751e8b465ee728b)  -> (artifact id: '6731dbf74beb3907e95fa76073c493d6') in 0.042552 seconds
  Import took 0.051715 seconds .

========================================================================
Received Import Request.
  Time since last request: 0.000287 seconds.
  path: Assets/Models/Prefabs/doors/DoorSingle_Wall_SideB.prefab
  artifactKey: Guid(d22474035aef63943a264f2a1b586c0e) Importer(815301076,1909f56bfc062723c751e8b465ee728b)
Start importing Assets/Models/Prefabs/doors/DoorSingle_Wall_SideB.prefab using Guid(d22474035aef63943a264f2a1b586c0e) Importer(815301076,1909f56bfc062723c751e8b465ee728b)  -> (artifact id: '6732250ddfada57b733a0bd09c7f5bce') in 0.045308 seconds
  Import took 0.055235 seconds .

========================================================================
Received Import Request.
  Time since last request: 0.000313 seconds.
  path: Assets/Models/Prefabs/doors/DoorDoubleLong_Wall_SideA.prefab
  artifactKey: Guid(5d0475ae76e14d94dbad024b2355befa) Importer(815301076,1909f56bfc062723c751e8b465ee728b)
Start importing Assets/Models/Prefabs/doors/DoorDoubleLong_Wall_SideA.prefab using Guid(5d0475ae76e14d94dbad024b2355befa) Importer(815301076,1909f56bfc062723c751e8b465ee728b)  -> (artifact id: 'e4e5808606ca116669a2c56c95d662e3') in 0.035369 seconds
  Import took 0.047726 seconds .

========================================================================
Received Import Request.
  Time since last request: 0.000369 seconds.
  path: Assets/Models/Prefabs/doors/DoorSingle_Wall_SideA.prefab
  artifactKey: Guid(bb9a4a095effcad47bcba2480b59dee7) Importer(815301076,1909f56bfc062723c751e8b465ee728b)
Start importing Assets/Models/Prefabs/doors/DoorSingle_Wall_SideA.prefab using Guid(bb9a4a095effcad47bcba2480b59dee7) Importer(815301076,1909f56bfc062723c751e8b465ee728b)  -> (artifact id: 'b45885578f98f0f5a0c21dc65a15c0bc') in 0.036965 seconds
  Import took 0.047328 seconds .

AssetImportWorkerClient::OnTransportError - code=2 error=End of file
